[Licensing::Module] Trying to connect to existing licensing client channel...
Built from '6000.2/staging' branch; Version is '6000.2.9f1 (e0c4e791ab71) revision 14730471'; Using compiler version '194234433'; Build Type 'Release'
[Licensing::IpcConnector] Successfully connected to: "LicenseClient-Abdalrahman Abotalib" at "2025-12-06T10:27:57.7927026Z"
OS: 'Windows 10  (10.0.19045) 64bit CoreSingleLanguage' Language: 'en' Physical Memory: 16300 MB
BatchMode: 1, IsHumanControllingUs: 0, StartBugReporterOnCrash: 0, Is64bit: 1
Date: 2025-12-06T10:27:57Z

COMMAND LINE ARGUMENTS:
C:\Program Files\Unity\Hub\Editor\6000.2.9f1\Editor\Unity.exe
-adb2
-batchMode
-noUpm
-name
AssetImportWorker0
-projectPath
C:/Users/Abdalrahman Abotalib/Saleem/Saleem
-logFile
Logs/AssetImportWorker0.log
-srvPort
50396
-licensingIpc
LicenseClient-Abdalrahman Abotalib
-job-worker-count
3
-background-job-worker-count
8
-gc-helper-count
1
-name
AssetImport
Successfully changed project path to: C:/Users/Abdalrahman Abotalib/Saleem/Saleem
C:/Users/Abdalrahman Abotalib/Saleem/Saleem
[UnityMemory] Configuration Parameters - Can be set up in boot.config
    "memorysetup-allocator-temp-initial-block-size-main=262144"
    "memorysetup-allocator-temp-initial-block-size-worker=262144"
    "memorysetup-bucket-allocator-granularity=16"
    "memorysetup-bucket-allocator-bucket-count=8"
    "memorysetup-bucket-allocator-block-size=33554432"
    "memorysetup-bucket-allocator-block-count=8"
    "memorysetup-main-allocator-block-size=16777216"
    "memorysetup-thread-allocator-block-size=16777216"
    "memorysetup-gfx-main-allocator-block-size=16777216"
    "memorysetup-gfx-thread-allocator-block-size=16777216"
    "memorysetup-cache-allocator-block-size=4194304"
    "memorysetup-typetree-allocator-block-size=2097152"
    "memorysetup-profiler-bucket-allocator-granularity=16"
    "memorysetup-profiler-bucket-allocator-bucket-count=8"
    "memorysetup-profiler-bucket-allocator-block-size=33554432"
    "memorysetup-profiler-bucket-allocator-block-count=8"
    "memorysetup-profiler-allocator-block-size=16777216"
    "memorysetup-profiler-editor-allocator-block-size=1048576"
    "memorysetup-temp-allocator-size-main=16777216"
    "memorysetup-job-temp-allocator-block-size=2097152"
    "memorysetup-job-temp-allocator-block-size-background=1048576"
    "memorysetup-job-temp-allocator-reduction-small-platforms=262144"
    "memorysetup-temp-allocator-size-background-worker=32768"
    "memorysetup-temp-allocator-size-job-worker=262144"
    "memorysetup-temp-allocator-size-preload-manager=33554432"
    "memorysetup-temp-allocator-size-nav-mesh-worker=65536"
    "memorysetup-temp-allocator-size-audio-worker=65536"
    "memorysetup-temp-allocator-size-cloud-worker=32768"
    "memorysetup-temp-allocator-size-gi-baking-worker=262144"
    "memorysetup-temp-allocator-size-gi-baking-worker=262144"
    "memorysetup-temp-allocator-size-gi-baking-worker=262144"
    "memorysetup-temp-allocator-size-gi-baking-worker=262144"
    "memorysetup-temp-allocator-size-gi-baking-worker=262144"
    "memorysetup-temp-allocator-size-gfx=262144"
Player connection [9864]  Target information:

Player connection [9864]  * "[IP] 192.168.8.118 [Port] 0 [Flags] 2 [Guid] 3575027844 [EditorId] 3575027844 [Version] 1048832 [Id] WindowsEditor(7,DESKTOP-F47SOVI) [Debug] 1 [PackageName] WindowsEditor [ProjectName] Editor" 

Player connection [9864] Host joined multi-casting on [225.0.0.222:54997]...
Player connection [9864] Host joined alternative multi-casting on [225.0.0.222:34997]...
JobSystem: Creating JobQueue using job-worker-count value 3
Input System module state changed to: Initialized.
[Physics::Module] Initialized fallback backend.
[Physics::Module] Id: 0xdecafbad
[Licensing::Client] Code 10 while verifying Licensing Client signature (process Id: 13436, path: "C:/Program Files/Unity Hub/UnityLicensingClient_V1/Unity.Licensing.Client.exe")
[Licensing::Module] LicensingClient has failed validation; ignoring
[Licensing::Client] Handshaking with LicensingClient:
  Version:                 1.17.3+a4e98f1
  Session Id:              a408d4b05984424c88ff8bdd58cd1205
  Correlation Id:          400d47dd307d57be05af1ef32dd4a7ca
  External correlation Id: 5179567641613132319
  Machine Id:              0R0ztDuWr7Mzm+xArcdnNjCxaQc=
[Licensing::Module] Successfully connected to LicensingClient on channel: "LicenseClient-Abdalrahman Abotalib" (connect: 0.00s, validation: 0.00s, handshake: 0.07s)
[Licensing::IpcConnector] Successfully connected to: "LicenseClient-Abdalrahman Abotalib-notifications" at "2025-12-06T10:27:57.8661034Z"
[Licensing::Module] Licensing Background thread has ended after 0.07s
Library Redirect Path: Library/
[Physics::Module] Selected backend.
[Physics::Module] Name: PhysX
[Physics::Module] Id: 0xf2b8ea05
[Physics::Module] SDK Version: 4.1.2
[Physics::Module] Integration Version: 1.0.0
[Physics::Module] Threading Mode: Multi-Threaded
Refreshing native plugins compatible for Editor in 4.14 ms, found 3 plugins.
Preloading 0 native plugins for Editor in 0.00 ms.
Initialize engine version: 6000.2.9f1 (e0c4e791ab71)
[Subsystems] Discovering subsystems at path C:/Program Files/Unity/Hub/Editor/6000.2.9f1/Editor/Data/Resources/UnitySubsystems
[Subsystems] Discovering subsystems at path C:/Users/Abdalrahman Abotalib/Saleem/Saleem/Assets
GfxDevice: creating device client; kGfxThreadingModeNonThreaded
Direct3D:
    Version:  Direct3D 11.0 [level 11.0]
    Renderer: NVIDIA GeForce GTX 960M (ID=0x139b)
    Vendor:   NVIDIA
    VRAM:     4064 MB
    Driver:   21.21.13.7667
Shader Hidden/ProbeVolume/VoxelizeScene is not supported: GPU does not support conservative rasterization
Initialize mono
Mono path[0] = 'C:/Program Files/Unity/Hub/Editor/6000.2.9f1/Editor/Data/Managed'
Mono path[1] = 'C:/Program Files/Unity/Hub/Editor/6000.2.9f1/Editor/Data/MonoBleedingEdge/lib/mono/unityjit-win32'
Mono config path = 'C:/Program Files/Unity/Hub/Editor/6000.2.9f1/Editor/Data/MonoBleedingEdge/etc'
Using monoOptions --debugger-agent=transport=dt_socket,embedding=1,server=y,suspend=n,address=127.0.0.1:56856
Begin MonoManager ReloadAssembly
Registering precompiled unity dll's ...
Register platform support module: C:/Program Files/Unity/Hub/Editor/6000.2.9f1/Editor/Data/PlaybackEngines/WindowsStandaloneSupport/UnityEditor.WindowsStandalone.Extensions.dll
[Licensing::Client] Successfully resolved entitlement details
[Licensing::Module] License group:
  Id: 18968260452189-UnityPersXXXX
  Product: Unity Personal
  Type: Assigned
  Expiration: Unlimited
Register platform support module: C:/Program Files/Unity/Hub/Editor/6000.2.9f1/Editor/Data/PlaybackEngines/AndroidPlayer/UnityEditor.Android.Extensions.dll
Registered in 0.006914 seconds.
- Loaded All Assemblies, in  0.769 seconds
Native extension for Android target not found
Android Extension - Scanning For ADB Devices 368 ms
Native extension for WindowsStandalone target not found
Mono: successfully reloaded assembly
- Finished resetting the current domain, in  1.084 seconds
Domain Reload Profiling: 1850ms
	BeginReloadAssembly (266ms)
		ExecutionOrderSort (0ms)
		DisableScriptedObjects (0ms)
		BackupInstance (0ms)
		ReleaseScriptingObjects (0ms)
		CreateAndSetChildDomain (2ms)
	RebuildCommonClasses (72ms)
	RebuildNativeTypeToScriptingClass (25ms)
	initialDomainReloadingComplete (111ms)
	LoadAllAssembliesAndSetupDomain (291ms)
		LoadAssemblies (260ms)
		RebuildTransferFunctionScriptingTraits (0ms)
		AnalyzeDomain (285ms)
			TypeCache.Refresh (283ms)
				TypeCache.ScanAssembly (262ms)
			BuildScriptInfoCaches (0ms)
			ResolveRequiredComponents (1ms)
	FinalizeReload (1085ms)
		ReleaseScriptCaches (0ms)
		RebuildScriptCaches (0ms)
		SetupLoadedEditorAssemblies (1028ms)
			LogAssemblyErrors (0ms)
			InitializePlatformSupportModulesInManaged (553ms)
			SetLoadedEditorAssemblies (6ms)
			BeforeProcessingInitializeOnLoad (115ms)
			ProcessInitializeOnLoadAttributes (232ms)
			ProcessInitializeOnLoadMethodAttributes (122ms)
			AfterProcessingInitializeOnLoad (0ms)
			EditorAssembliesLoaded (0ms)
		ExecutionOrderSort2 (0ms)
		AwakeInstancesAfterBackupRestoration (0ms)
========================================================================
Worker process is ready to serve import requests
Import Worker Mode flag is 0x00
Begin MonoManager ReloadAssembly
[Licensing::Client] Successfully resolved entitlement details
- Loaded All Assemblies, in  1.408 seconds
Refreshing native plugins compatible for Editor in 2.13 ms, found 3 plugins.
Native extension for Android target not found
Native extension for WindowsStandalone target not found
Package Manager log level set to [2]
[Package Manager] Failed to launch server process. Reason: Unity was launched with the -noUpm command-line argument
[Package Manager] Unable to send message (not connected to server process).
[Package Manager] Cannot connect to Unity Package Manager local server
Mono: successfully reloaded assembly
- Finished resetting the current domain, in  1.731 seconds
Domain Reload Profiling: 3132ms
	BeginReloadAssembly (343ms)
		ExecutionOrderSort (0ms)
		DisableScriptedObjects (17ms)
		BackupInstance (0ms)
		ReleaseScriptingObjects (0ms)
		CreateAndSetChildDomain (51ms)
	RebuildCommonClasses (72ms)
	RebuildNativeTypeToScriptingClass (23ms)
	initialDomainReloadingComplete (70ms)
	LoadAllAssembliesAndSetupDomain (892ms)
		LoadAssemblies (623ms)
		RebuildTransferFunctionScriptingTraits (0ms)
		AnalyzeDomain (450ms)
			TypeCache.Refresh (336ms)
				TypeCache.ScanAssembly (308ms)
			BuildScriptInfoCaches (87ms)
			ResolveRequiredComponents (23ms)
	FinalizeReload (1732ms)
		ReleaseScriptCaches (0ms)
		RebuildScriptCaches (0ms)
		SetupLoadedEditorAssemblies (1382ms)
			LogAssemblyErrors (0ms)
			InitializePlatformSupportModulesInManaged (17ms)
			SetLoadedEditorAssemblies (7ms)
			BeforeProcessingInitializeOnLoad (269ms)
			ProcessInitializeOnLoadAttributes (971ms)
			ProcessInitializeOnLoadMethodAttributes (108ms)
			AfterProcessingInitializeOnLoad (9ms)
			EditorAssembliesLoaded (0ms)
		ExecutionOrderSort2 (0ms)
		AwakeInstancesAfterBackupRestoration (9ms)
Shader Hidden/ProbeVolume/VoxelizeScene is not supported: GPU does not support conservative rasterization
Launched and connected shader compiler UnityShaderCompiler.exe after 0.01 seconds
Refreshing native plugins compatible for Editor in 1.87 ms, found 3 plugins.
Preloading 0 native plugins for Editor in 0.00 ms.
Unloading 14 Unused Serialized files (Serialized files now loaded: 0)
Unloading 6125 unused Assets / (4.4 MB). Loaded Objects now: 6821.
Memory consumption went from 129.0 MB to 124.6 MB.
Total: 16.194100 ms (FindLiveObjects: 0.871500 ms CreateObjectMapping: 1.035700 ms MarkObjects: 10.593900 ms  DeleteObjects: 3.691200 ms)

========================================================================
Received Import Request.
  Time since last request: 4823.077869 seconds.
  path: Assets/Scenes/Class Room Lvl2.unity
  artifactKey: Guid(196eae81ba3702f4b9f181a6fe811f29) Importer(815301076,1909f56bfc062723c751e8b465ee728b)
Start importing Assets/Scenes/Class Room Lvl2.unity using Guid(196eae81ba3702f4b9f181a6fe811f29) Importer(815301076,1909f56bfc062723c751e8b465ee728b) (PreviewImporter) -> (artifact id: '7d76c6e1abd876bc5ac9a1bb456ccf35') in 0.0071422 seconds
Number of updated asset objects reloaded before import = 0Number of asset objects unloaded after import = 0

========================================================================
Received Import Request.
  Time since last request: 59.878522 seconds.
  path: Assets/PlayGround Assets lvl1/uploads_files_3835558_untitled.fbx
  artifactKey: Guid(13d4374fde523764cbd8b7e27b19015d) Importer(815301076,1909f56bfc062723c751e8b465ee728b)
Start importing Assets/PlayGround Assets lvl1/uploads_files_3835558_untitled.fbx using Guid(13d4374fde523764cbd8b7e27b19015d) Importer(815301076,1909f56bfc062723c751e8b465ee728b) (PreviewImporter) -> (artifact id: '7716b62ef759b6a5f9150b7e65216baf') in 0.9131439 seconds
Number of updated asset objects reloaded before import = 0Number of asset objects unloaded after import = 7

========================================================================
Received Import Request.
  Time since last request: 1.632120 seconds.
  path: Assets/PlayGround Assets lvl1/uploads_files_3589734_monkey_bar.fbx
  artifactKey: Guid(ff01ffd119bbdc54396f8e5630d88a6b) Importer(815301076,1909f56bfc062723c751e8b465ee728b)
Start importing Assets/PlayGround Assets lvl1/uploads_files_3589734_monkey_bar.fbx using Guid(ff01ffd119bbdc54396f8e5630d88a6b) Importer(815301076,1909f56bfc062723c751e8b465ee728b) (PreviewImporter) -> (artifact id: 'f94a7e19757a307eb5914c6cd4040a38') in 0.1286568 seconds
Number of updated asset objects reloaded before import = 0Number of asset objects unloaded after import = 20

========================================================================
Received Import Request.
  Time since last request: 15.658528 seconds.
  path: Assets/PlayGround Assets lvl1/uploads_files_3835558_untitled.fbx
  artifactKey: Guid(13d4374fde523764cbd8b7e27b19015d) Importer(815301076,1909f56bfc062723c751e8b465ee728b)
Start importing Assets/PlayGround Assets lvl1/uploads_files_3835558_untitled.fbx using Guid(13d4374fde523764cbd8b7e27b19015d) Importer(815301076,1909f56bfc062723c751e8b465ee728b) (PreviewImporter) -> (artifact id: 'e3ce805062ead0c5fe3299ca24920769') in 0.0818712 seconds
Number of updated asset objects reloaded before import = 0Number of asset objects unloaded after import = 8

========================================================================
Received Import Request.
  Time since last request: 25.735652 seconds.
  path: Assets/Scenes/Play Ground Lvl1.unity
  artifactKey: Guid(99c9720ab356a0642a771bea13969a05) Importer(815301076,1909f56bfc062723c751e8b465ee728b)
Start importing Assets/Scenes/Play Ground Lvl1.unity using Guid(99c9720ab356a0642a771bea13969a05) Importer(815301076,1909f56bfc062723c751e8b465ee728b) (PreviewImporter) -> (artifact id: '7e3221f018d2c255be8a46abd46317a8') in 0.0007998 seconds
Number of updated asset objects reloaded before import = 0Number of asset objects unloaded after import = 0

========================================================================
Received Import Request.
  Time since last request: 366.091875 seconds.
  path: Assets/Class Room Assets lvl2/School Char and Desk.fbx
  artifactKey: Guid(1777510afcff3074b970a991cd22c7c2) Importer(815301076,1909f56bfc062723c751e8b465ee728b)
Start importing Assets/Class Room Assets lvl2/School Char and Desk.fbx using Guid(1777510afcff3074b970a991cd22c7c2) Importer(815301076,1909f56bfc062723c751e8b465ee728b) (PreviewImporter) -> (artifact id: '6adbb1cb2ae04e41810cf1d3d25e2036') in 0.0836064 seconds
Number of updated asset objects reloaded before import = 0Number of asset objects unloaded after import = 16

========================================================================
Received Import Request.
  Time since last request: 27.043934 seconds.
  path: Assets/Class Room Assets lvl2/School Char and Desk.fbx
  artifactKey: Guid(1777510afcff3074b970a991cd22c7c2) Importer(815301076,1909f56bfc062723c751e8b465ee728b)
Start importing Assets/Class Room Assets lvl2/School Char and Desk.fbx using Guid(1777510afcff3074b970a991cd22c7c2) Importer(815301076,1909f56bfc062723c751e8b465ee728b) (PreviewImporter) -> (artifact id: 'a3a7277dc75817838736ed38f6bb97a2') in 0.1241718 seconds
Number of updated asset objects reloaded before import = 0Number of asset objects unloaded after import = 20

========================================================================
Received Import Request.
  Time since last request: 10.083959 seconds.
  path: Assets/Class Room Assets lvl2/School Char and Desk.fbx
  artifactKey: Guid(1777510afcff3074b970a991cd22c7c2) Importer(815301076,1909f56bfc062723c751e8b465ee728b)
Start importing Assets/Class Room Assets lvl2/School Char and Desk.fbx using Guid(1777510afcff3074b970a991cd22c7c2) Importer(815301076,1909f56bfc062723c751e8b465ee728b) (PreviewImporter) -> (artifact id: '6cbcbdd126564079a95e70f72c3fae19') in 0.2832872 seconds
Number of updated asset objects reloaded before import = 0Number of asset objects unloaded after import = 20

========================================================================
Received Import Request.
  Time since last request: 268.444125 seconds.
  path: Assets/Matirals/Material.001.mat
  artifactKey: Guid(c3d6297274feed5408d816319fe2bf00) Importer(2089858483,192608db42251d675da83286b1cce702)
Start importing Assets/Matirals/Material.001.mat using Guid(c3d6297274feed5408d816319fe2bf00) Importer(2089858483,192608db42251d675da83286b1cce702) (ScriptedImporter) -> (artifact id: '2eeb2cf1ddce10b969acc9bf3865c9ff') in 0.2387552 seconds
Number of updated asset objects reloaded before import = 0Number of asset objects unloaded after import = 1

========================================================================
Received Import Request.
  Time since last request: 0.000061 seconds.
  path: Assets/Textures/shool chair textures
  artifactKey: Guid(6e51959436fc7534399e062312125756) Importer(2089858483,192608db42251d675da83286b1cce702)
Start importing Assets/Textures/shool chair textures using Guid(6e51959436fc7534399e062312125756) Importer(2089858483,192608db42251d675da83286b1cce702) (ScriptedImporter) -> (artifact id: '80efac29382f20e5a131588ef75b055b') in 0.0149625 seconds
Number of updated asset objects reloaded before import = 0Number of asset objects unloaded after import = 1

========================================================================
Received Import Request.
  Time since last request: 0.000036 seconds.
  path: Assets/Textures/shool chair textures/교실책상_normal.png
  artifactKey: Guid(bdcbe17f4e8ff4949aa80c9b960408e5) Importer(2089858483,192608db42251d675da83286b1cce702)
Start importing Assets/Textures/shool chair textures/교실책상_normal.png using Guid(bdcbe17f4e8ff4949aa80c9b960408e5) Importer(2089858483,192608db42251d675da83286b1cce702) (ScriptedImporter)[Licensing::Client] Successfully resolved entitlement details
 -> (artifact id: '9ca50a9a7846ab37f72c5e610a4c1d91') in 0.0888512 seconds
Number of updated asset objects reloaded before import = 0Number of asset objects unloaded after import = 1

========================================================================
Received Import Request.
  Time since last request: 0.000027 seconds.
  path: Assets/Class Room Assets lvl2/School Char and Desk.fbx
  artifactKey: Guid(1777510afcff3074b970a991cd22c7c2) Importer(2089858483,192608db42251d675da83286b1cce702)
Start importing Assets/Class Room Assets lvl2/School Char and Desk.fbx using Guid(1777510afcff3074b970a991cd22c7c2) Importer(2089858483,192608db42251d675da83286b1cce702) (ScriptedImporter) -> (artifact id: 'a1cfd246e2f4686d9b837bc30c07d09a') in 0.0982417 seconds
Number of updated asset objects reloaded before import = 0Number of asset objects unloaded after import = 20

========================================================================
Received Import Request.
  Time since last request: 0.000035 seconds.
  path: Assets/Textures/shool chair textures/교실의자_metallic.png
  artifactKey: Guid(60a6e39227f541d4fb1ac017e8957904) Importer(2089858483,192608db42251d675da83286b1cce702)
Start importing Assets/Textures/shool chair textures/교실의자_metallic.png using Guid(60a6e39227f541d4fb1ac017e8957904) Importer(2089858483,192608db42251d675da83286b1cce702) (ScriptedImporter) -> (artifact id: 'b3dc5fb1508ef4a604df100777205ad7') in 0.0226329 seconds
Number of updated asset objects reloaded before import = 0Number of asset objects unloaded after import = 1

========================================================================
Received Import Request.
  Time since last request: 0.000050 seconds.
  path: Assets/Textures/shool chair textures/교실책상_basecolor.png
  artifactKey: Guid(8bb5d04c8db561e4298faf5669625c5e) Importer(2089858483,192608db42251d675da83286b1cce702)
Start importing Assets/Textures/shool chair textures/교실책상_basecolor.png using Guid(8bb5d04c8db561e4298faf5669625c5e) Importer(2089858483,192608db42251d675da83286b1cce702) (ScriptedImporter) -> (artifact id: '8a6599fb4d33766afeae39372dfb33bf') in 0.0281217 seconds
Number of updated asset objects reloaded before import = 0Number of asset objects unloaded after import = 1

========================================================================
Received Import Request.
  Time since last request: 6.389726 seconds.
  path: Assets/Class Room Assets lvl2/Scripting
  artifactKey: Guid(8e4c1e52fdacdbd4cb41bba4251b5d61) Importer(815301076,1909f56bfc062723c751e8b465ee728b)
Start importing Assets/Class Room Assets lvl2/Scripting using Guid(8e4c1e52fdacdbd4cb41bba4251b5d61) Importer(815301076,1909f56bfc062723c751e8b465ee728b) (PreviewImporter) -> (artifact id: 'e9ae17a017e489ef2bbb45ee3622362e') in 0.0006557 seconds
Number of updated asset objects reloaded before import = 0Number of asset objects unloaded after import = 0

========================================================================
Received Import Request.
  Time since last request: 0.893312 seconds.
  path: Assets/Class Room Assets lvl2/Scripting
  artifactKey: Guid(8e4c1e52fdacdbd4cb41bba4251b5d61) Importer(2089858483,192608db42251d675da83286b1cce702)
Start importing Assets/Class Room Assets lvl2/Scripting using Guid(8e4c1e52fdacdbd4cb41bba4251b5d61) Importer(2089858483,192608db42251d675da83286b1cce702) (ScriptedImporter) -> (artifact id: '0a06963e834c2abd1ef200df78e9c37c') in 0.0153214 seconds
Number of updated asset objects reloaded before import = 0Number of asset objects unloaded after import = 1

