[Licensing::Module] Trying to connect to existing licensing client channel...
Built from '6000.2/staging' branch; Version is '6000.2.9f1 (e0c4e791ab71) revision 14730471'; Using compiler version '194234433'; Build Type 'Release'
OS: 'Windows 10  (10.0.19045) 64bit CoreSingleLanguage' Language: 'en' Physical Memory: 16300 MB
BatchMode: 1, IsHumanControllingUs: 0, StartBugReporterOnCrash: 0, Is64bit: 1
[Licensing::IpcConnector] Successfully connected to: "LicenseClient-Abdalrahman Abotalib" at "2025-11-26T10:12:13.7187829Z"
Date: 2025-11-26T10:12:13Z

COMMAND LINE ARGUMENTS:
C:\Program Files\Unity\Hub\Editor\6000.2.9f1\Editor\Unity.exe
-adb2
-batchMode
-noUpm
-name
AssetImportWorker1
-projectPath
C:/Users/Abdalrahman Abotalib/Saleem/Saleem
-logFile
Logs/AssetImportWorker1.log
-srvPort
53341
-licensingIpc
LicenseClient-Abdalrahman Abotalib
-job-worker-count
3
-background-job-worker-count
8
-gc-helper-count
1
-name
AssetImport
Successfully changed project path to: C:/Users/Abdalrahman Abotalib/Saleem/Saleem
C:/Users/Abdalrahman Abotalib/Saleem/Saleem
[UnityMemory] Configuration Parameters - Can be set up in boot.config
    "memorysetup-allocator-temp-initial-block-size-main=262144"
    "memorysetup-allocator-temp-initial-block-size-worker=262144"
    "memorysetup-bucket-allocator-granularity=16"
    "memorysetup-bucket-allocator-bucket-count=8"
    "memorysetup-bucket-allocator-block-size=33554432"
    "memorysetup-bucket-allocator-block-count=8"
    "memorysetup-main-allocator-block-size=16777216"
    "memorysetup-thread-allocator-block-size=16777216"
    "memorysetup-gfx-main-allocator-block-size=16777216"
    "memorysetup-gfx-thread-allocator-block-size=16777216"
    "memorysetup-cache-allocator-block-size=4194304"
    "memorysetup-typetree-allocator-block-size=2097152"
    "memorysetup-profiler-bucket-allocator-granularity=16"
    "memorysetup-profiler-bucket-allocator-bucket-count=8"
    "memorysetup-profiler-bucket-allocator-block-size=33554432"
    "memorysetup-profiler-bucket-allocator-block-count=8"
    "memorysetup-profiler-allocator-block-size=16777216"
    "memorysetup-profiler-editor-allocator-block-size=1048576"
    "memorysetup-temp-allocator-size-main=16777216"
    "memorysetup-job-temp-allocator-block-size=2097152"
    "memorysetup-job-temp-allocator-block-size-background=1048576"
    "memorysetup-job-temp-allocator-reduction-small-platforms=262144"
    "memorysetup-temp-allocator-size-background-worker=32768"
    "memorysetup-temp-allocator-size-job-worker=262144"
    "memorysetup-temp-allocator-size-preload-manager=33554432"
    "memorysetup-temp-allocator-size-nav-mesh-worker=65536"
    "memorysetup-temp-allocator-size-audio-worker=65536"
    "memorysetup-temp-allocator-size-cloud-worker=32768"
    "memorysetup-temp-allocator-size-gi-baking-worker=262144"
    "memorysetup-temp-allocator-size-gi-baking-worker=262144"
    "memorysetup-temp-allocator-size-gi-baking-worker=262144"
    "memorysetup-temp-allocator-size-gi-baking-worker=262144"
    "memorysetup-temp-allocator-size-gi-baking-worker=262144"
    "memorysetup-temp-allocator-size-gfx=262144"
Player connection [15268]  Target information:

Player connection [15268]  * "[IP] 192.168.8.197 [Port] 0 [Flags] 2 [Guid] 3679053554 [EditorId] 3679053554 [Version] 1048832 [Id] WindowsEditor(7,DESKTOP-F47SOVI) [Debug] 1 [PackageName] WindowsEditor [ProjectName] Editor" 

Player connection [15268] Host joined multi-casting on [225.0.0.222:54997]...
Player connection [15268] Host joined alternative multi-casting on [225.0.0.222:34997]...
JobSystem: Creating JobQueue using job-worker-count value 3
Input System module state changed to: Initialized.
[Physics::Module] Initialized fallback backend.
[Physics::Module] Id: 0xdecafbad
[Licensing::Client] Code 10 while verifying Licensing Client signature (process Id: 9268, path: "C:/Program Files/Unity Hub/UnityLicensingClient_V1/Unity.Licensing.Client.exe")
[Licensing::Module] LicensingClient has failed validation; ignoring
[Licensing::Client] Handshaking with LicensingClient:
  Version:                 1.17.3+a4e98f1
  Session Id:              d01eeb9b0b664c87a0f84428bbc0765e
  Correlation Id:          6d375d00338fe5758108b652377dbbf6
  External correlation Id: 5381215240402393634
  Machine Id:              0R0ztDuWr7Mzm+xArcdnNjCxaQc=
[Licensing::Module] Successfully connected to LicensingClient on channel: "LicenseClient-Abdalrahman Abotalib" (connect: 0.00s, validation: 0.00s, handshake: 0.05s)
[Licensing::IpcConnector] Successfully connected to: "LicenseClient-Abdalrahman Abotalib-notifications" at "2025-11-26T10:12:13.7702461Z"
[Licensing::Module] Licensing Background thread has ended after 0.05s
Library Redirect Path: Library/
[Physics::Module] Selected backend.
[Physics::Module] Name: PhysX
[Physics::Module] Id: 0xf2b8ea05
[Physics::Module] SDK Version: 4.1.2
[Physics::Module] Integration Version: 1.0.0
[Physics::Module] Threading Mode: Multi-Threaded
Refreshing native plugins compatible for Editor in 3.23 ms, found 3 plugins.
Preloading 0 native plugins for Editor in 0.00 ms.
Initialize engine version: 6000.2.9f1 (e0c4e791ab71)
[Subsystems] Discovering subsystems at path C:/Program Files/Unity/Hub/Editor/6000.2.9f1/Editor/Data/Resources/UnitySubsystems
[Subsystems] Discovering subsystems at path C:/Users/Abdalrahman Abotalib/Saleem/Saleem/Assets
GfxDevice: creating device client; kGfxThreadingModeNonThreaded
Direct3D:
    Version:  Direct3D 11.0 [level 11.0]
    Renderer: NVIDIA GeForce GTX 960M (ID=0x139b)
    Vendor:   NVIDIA
    VRAM:     4064 MB
    Driver:   21.21.13.7667
Shader Hidden/ProbeVolume/VoxelizeScene is not supported: GPU does not support conservative rasterization
Initialize mono
Mono path[0] = 'C:/Program Files/Unity/Hub/Editor/6000.2.9f1/Editor/Data/Managed'
Mono path[1] = 'C:/Program Files/Unity/Hub/Editor/6000.2.9f1/Editor/Data/MonoBleedingEdge/lib/mono/unityjit-win32'
Mono config path = 'C:/Program Files/Unity/Hub/Editor/6000.2.9f1/Editor/Data/MonoBleedingEdge/etc'
Using monoOptions --debugger-agent=transport=dt_socket,embedding=1,server=y,suspend=n,address=127.0.0.1:56780
Begin MonoManager ReloadAssembly
Registering precompiled unity dll's ...
Register platform support module: C:/Program Files/Unity/Hub/Editor/6000.2.9f1/Editor/Data/PlaybackEngines/WindowsStandaloneSupport/UnityEditor.WindowsStandalone.Extensions.dll
[Licensing::Client] Successfully resolved entitlement details
[Licensing::Module] License group:
  Id: 18968260452189-UnityPersXXXX
  Product: Unity Personal
  Type: Assigned
  Expiration: Unlimited
Register platform support module: C:/Program Files/Unity/Hub/Editor/6000.2.9f1/Editor/Data/PlaybackEngines/AndroidPlayer/UnityEditor.Android.Extensions.dll
Registered in 0.007679 seconds.
- Loaded All Assemblies, in  0.641 seconds
Native extension for Android target not found
Android Extension - Scanning For ADB Devices 349 ms
Native extension for WindowsStandalone target not found
Mono: successfully reloaded assembly
- Finished resetting the current domain, in  0.977 seconds
Domain Reload Profiling: 1614ms
	BeginReloadAssembly (191ms)
		ExecutionOrderSort (0ms)
		DisableScriptedObjects (0ms)
		BackupInstance (0ms)
		ReleaseScriptingObjects (0ms)
		CreateAndSetChildDomain (1ms)
	RebuildCommonClasses (54ms)
	RebuildNativeTypeToScriptingClass (22ms)
	initialDomainReloadingComplete (89ms)
	LoadAllAssembliesAndSetupDomain (280ms)
		LoadAssemblies (188ms)
		RebuildTransferFunctionScriptingTraits (0ms)
		AnalyzeDomain (275ms)
			TypeCache.Refresh (272ms)
				TypeCache.ScanAssembly (253ms)
			BuildScriptInfoCaches (0ms)
			ResolveRequiredComponents (1ms)
	FinalizeReload (978ms)
		ReleaseScriptCaches (0ms)
		RebuildScriptCaches (0ms)
		SetupLoadedEditorAssemblies (909ms)
			LogAssemblyErrors (0ms)
			InitializePlatformSupportModulesInManaged (492ms)
			SetLoadedEditorAssemblies (5ms)
			BeforeProcessingInitializeOnLoad (117ms)
			ProcessInitializeOnLoadAttributes (196ms)
			ProcessInitializeOnLoadMethodAttributes (99ms)
			AfterProcessingInitializeOnLoad (0ms)
			EditorAssembliesLoaded (0ms)
		ExecutionOrderSort2 (0ms)
		AwakeInstancesAfterBackupRestoration (0ms)
========================================================================
Worker process is ready to serve import requests
Import Worker Mode flag is 0x00
Begin MonoManager ReloadAssembly
[Licensing::Client] Successfully resolved entitlement details
- Loaded All Assemblies, in  1.616 seconds
Refreshing native plugins compatible for Editor in 1.59 ms, found 3 plugins.
Native extension for Android target not found
Native extension for WindowsStandalone target not found
Package Manager log level set to [2]
[Package Manager] Failed to launch server process. Reason: Unity was launched with the -noUpm command-line argument
[Package Manager] Unable to send message (not connected to server process).
[Package Manager] Cannot connect to Unity Package Manager local server
Mono: successfully reloaded assembly
- Finished resetting the current domain, in  1.877 seconds
Domain Reload Profiling: 3485ms
	BeginReloadAssembly (385ms)
		ExecutionOrderSort (0ms)
		DisableScriptedObjects (15ms)
		BackupInstance (0ms)
		ReleaseScriptingObjects (0ms)
		CreateAndSetChildDomain (58ms)
	RebuildCommonClasses (87ms)
	RebuildNativeTypeToScriptingClass (28ms)
	initialDomainReloadingComplete (79ms)
	LoadAllAssembliesAndSetupDomain (1027ms)
		LoadAssemblies (709ms)
		RebuildTransferFunctionScriptingTraits (0ms)
		AnalyzeDomain (532ms)
			TypeCache.Refresh (404ms)
				TypeCache.ScanAssembly (374ms)
			BuildScriptInfoCaches (97ms)
			ResolveRequiredComponents (25ms)
	FinalizeReload (1878ms)
		ReleaseScriptCaches (0ms)
		RebuildScriptCaches (0ms)
		SetupLoadedEditorAssemblies (1456ms)
			LogAssemblyErrors (0ms)
			InitializePlatformSupportModulesInManaged (19ms)
			SetLoadedEditorAssemblies (11ms)
			BeforeProcessingInitializeOnLoad (297ms)
			ProcessInitializeOnLoadAttributes (1000ms)
			ProcessInitializeOnLoadMethodAttributes (117ms)
			AfterProcessingInitializeOnLoad (12ms)
			EditorAssembliesLoaded (0ms)
		ExecutionOrderSort2 (0ms)
		AwakeInstancesAfterBackupRestoration (12ms)
Shader Hidden/ProbeVolume/VoxelizeScene is not supported: GPU does not support conservative rasterization
Launched and connected shader compiler UnityShaderCompiler.exe after 0.02 seconds
Refreshing native plugins compatible for Editor in 2.07 ms, found 3 plugins.
Preloading 0 native plugins for Editor in 0.00 ms.
Unloading 14 Unused Serialized files (Serialized files now loaded: 0)
Unloading 6125 unused Assets / (4.3 MB). Loaded Objects now: 6821.
Memory consumption went from 129.0 MB to 124.8 MB.
Total: 14.584100 ms (FindLiveObjects: 0.930500 ms CreateObjectMapping: 1.384300 ms MarkObjects: 8.435700 ms  DeleteObjects: 3.832000 ms)

========================================================================
Received Import Request.
  Time since last request: 344917.672226 seconds.
  path: Assets/PlayGround Assets lvl1/Football_CutsceneTimeline.playable
  artifactKey: Guid(ce420fbe3f0ec4f4aad87259d548c745) Importer(815301076,1909f56bfc062723c751e8b465ee728b)
Start importing Assets/PlayGround Assets lvl1/Football_CutsceneTimeline.playable using Guid(ce420fbe3f0ec4f4aad87259d548c745) Importer(815301076,1909f56bfc062723c751e8b465ee728b) (PreviewImporter) -> (artifact id: '84d141c32f5930f16f1a48aa873c44f1') in 0.0356657 seconds
Number of updated asset objects reloaded before import = 0Number of asset objects unloaded after import = 1

========================================================================
Received Import Request.
  Time since last request: 45.133991 seconds.
  path: Assets/_Recovery/0.unity
  artifactKey: Guid(a1552bf2a38c8934d88df3f871f0dcb7) Importer(2089858483,192608db42251d675da83286b1cce702)
Start importing Assets/_Recovery/0.unity using Guid(a1552bf2a38c8934d88df3f871f0dcb7) Importer(2089858483,192608db42251d675da83286b1cce702) (ScriptedImporter) -> (artifact id: 'b9563bfc4c2e9d676c9ce0dc17cc60c6') in 0.3105851 seconds
Number of updated asset objects reloaded before import = 0Number of asset objects unloaded after import = 1

========================================================================
Received Import Request.
  Time since last request: 0.000026 seconds.
  path: Assets/Textures/Color.png
  artifactKey: Guid(6eab6e3bab118184b918349642dd603f) Importer(2089858483,192608db42251d675da83286b1cce702)
Start importing Assets/Textures/Color.png using Guid(6eab6e3bab118184b918349642dd603f) Importer(2089858483,192608db42251d675da83286b1cce702) (ScriptedImporter) -> (artifact id: '6ccf6f27625e4b421e1dd0c176d93177') in 0.1440068 seconds
Number of updated asset objects reloaded before import = 0Number of asset objects unloaded after import = 1

========================================================================
Received Import Request.
  Time since last request: 0.000046 seconds.
  path: Assets/Characters/boy6.fbx
  artifactKey: Guid(1b09ab2f5bacd9743bd60ddf254eb462) Importer(2089858483,192608db42251d675da83286b1cce702)
Start importing Assets/Characters/boy6.fbx using Guid(1b09ab2f5bacd9743bd60ddf254eb462) Importer(2089858483,192608db42251d675da83286b1cce702) (ScriptedImporter) -> (artifact id: '21d58c80e2070f0b1f023674229d0403') in 0.1626678 seconds
Number of updated asset objects reloaded before import = 0Number of asset objects unloaded after import = 141

========================================================================
Received Import Request.
  Time since last request: 0.000037 seconds.
  path: Assets/Characters/boy3forunity.fbx
  artifactKey: Guid(8ac56d06ac92aca48882ed2a8fc2a38d) Importer(2089858483,192608db42251d675da83286b1cce702)
Start importing Assets/Characters/boy3forunity.fbx using Guid(8ac56d06ac92aca48882ed2a8fc2a38d) Importer(2089858483,192608db42251d675da83286b1cce702) (ScriptedImporter) -> (artifact id: 'bfe36073c7a1c6818edc749deab89f0d') in 0.0691479 seconds
Number of updated asset objects reloaded before import = 0Number of asset objects unloaded after import = 212

========================================================================
Received Import Request.
  Time since last request: 0.000036 seconds.
  path: Assets/Textures/Color.jpg
  artifactKey: Guid(337dcb2e6e8fe074a9bb495905a86af1) Importer(2089858483,192608db42251d675da83286b1cce702)
Start importing Assets/Textures/Color.jpg using Guid(337dcb2e6e8fe074a9bb495905a86af1) Importer(2089858483,192608db42251d675da83286b1cce702) (ScriptedImporter) -> (artifact id: 'f8a006337d8a935c4e8f6d2586ddea23') in 0.0382066 seconds
Number of updated asset objects reloaded before import = 0Number of asset objects unloaded after import = 1

========================================================================
Received Import Request.
  Time since last request: 0.000021 seconds.
  path: Assets/Scenes/SampleScene.unity
  artifactKey: Guid(99c9720ab356a0642a771bea13969a05) Importer(2089858483,192608db42251d675da83286b1cce702)
Start importing Assets/Scenes/SampleScene.unity using Guid(99c9720ab356a0642a771bea13969a05) Importer(2089858483,192608db42251d675da83286b1cce702) (ScriptedImporter) -> (artifact id: '56010ad243e234663077ca52f71d34fa') in 0.0291005 seconds
Number of updated asset objects reloaded before import = 0Number of asset objects unloaded after import = 1

========================================================================
Received Import Request.
  Time since last request: 0.000024 seconds.
  path: Assets/Characters/coach for Unity.fbx
  artifactKey: Guid(a5f489780d98b5c4bb436ebe6f0a7af9) Importer(2089858483,192608db42251d675da83286b1cce702)
Start importing Assets/Characters/coach for Unity.fbx using Guid(a5f489780d98b5c4bb436ebe6f0a7af9) Importer(2089858483,192608db42251d675da83286b1cce702) (ScriptedImporter) -> (artifact id: 'e6f95f13e3958b2ef102f86cfbb72452') in 0.4092287 seconds
Number of updated asset objects reloaded before import = 0Number of asset objects unloaded after import = 212

========================================================================
Received Import Request.
  Time since last request: 0.000047 seconds.
  path: Assets/Characters/saleemForUnity.fbx
  artifactKey: Guid(7957a1e57385e7b468af377d761b0ce9) Importer(2089858483,192608db42251d675da83286b1cce702)
Start importing Assets/Characters/saleemForUnity.fbx using Guid(7957a1e57385e7b468af377d761b0ce9) Importer(2089858483,192608db42251d675da83286b1cce702) (ScriptedImporter) -> (artifact id: 'be33fe5177d1fe29677520b92f46810e') in 0.0875661 seconds
Number of updated asset objects reloaded before import = 0Number of asset objects unloaded after import = 214

========================================================================
Received Import Request.
  Time since last request: 0.000023 seconds.
  path: Assets/Matirals
  artifactKey: Guid(c255e7851b2004b4cbe00f37fdd5f261) Importer(2089858483,192608db42251d675da83286b1cce702)
Start importing Assets/Matirals using Guid(c255e7851b2004b4cbe00f37fdd5f261) Importer(2089858483,192608db42251d675da83286b1cce702) (ScriptedImporter) -> (artifact id: '8cb95a1434f3627ccf56fd534dc3f547') in 0.02255 seconds
Number of updated asset objects reloaded before import = 0Number of asset objects unloaded after import = 1

========================================================================
Received Import Request.
  Time since last request: 0.000032 seconds.
  path: Assets/Matirals/tripo_mat_0517283f_Pbr.mat
  artifactKey: Guid(4138c08b60f573248a339e58e8c35952) Importer(2089858483,192608db42251d675da83286b1cce702)
Start importing Assets/Matirals/tripo_mat_0517283f_Pbr.mat using Guid(4138c08b60f573248a339e58e8c35952) Importer(2089858483,192608db42251d675da83286b1cce702) (ScriptedImporter) -> (artifact id: 'b8f29f11f9c02356d9f4c7a804dd590d') in 0.0295629 seconds
Number of updated asset objects reloaded before import = 0Number of asset objects unloaded after import = 2

========================================================================
Received Import Request.
  Time since last request: 0.000034 seconds.
  path: Assets/Textures/boy1 texture.png
  artifactKey: Guid(34c18de8d60287e44874671bc7e2afc5) Importer(2089858483,192608db42251d675da83286b1cce702)
Start importing Assets/Textures/boy1 texture.png using Guid(34c18de8d60287e44874671bc7e2afc5) Importer(2089858483,192608db42251d675da83286b1cce702) (ScriptedImporter) -> (artifact id: 'eede5f7e987d6edbd89440c28b9e0364') in 0.0371916 seconds
Number of updated asset objects reloaded before import = 0Number of asset objects unloaded after import = 1

========================================================================
Received Import Request.
  Time since last request: 0.000021 seconds.
  path: Assets/Textures/tripo_mat_0517283f_Pbr_Diffuse.png
  artifactKey: Guid(639cf4618c56d6146ba7e17fc482eb79) Importer(2089858483,192608db42251d675da83286b1cce702)
Start importing Assets/Textures/tripo_mat_0517283f_Pbr_Diffuse.png using Guid(639cf4618c56d6146ba7e17fc482eb79) Importer(2089858483,192608db42251d675da83286b1cce702) (ScriptedImporter) -> (artifact id: '2dd852fa67943036454eb14b596caaba') in 0.0449267 seconds
Number of updated asset objects reloaded before import = 0Number of asset objects unloaded after import = 1

========================================================================
Received Import Request.
  Time since last request: 0.000024 seconds.
  path: Assets/Textures/boy 8 textures.png
  artifactKey: Guid(fb7d3f971caeb844b93815ce489e445a) Importer(2089858483,192608db42251d675da83286b1cce702)
Start importing Assets/Textures/boy 8 textures.png using Guid(fb7d3f971caeb844b93815ce489e445a) Importer(2089858483,192608db42251d675da83286b1cce702) (ScriptedImporter) -> (artifact id: 'a0e146bc91f8fa497f12a3c2f63a4280') in 0.0415605 seconds
Number of updated asset objects reloaded before import = 0Number of asset objects unloaded after import = 1

========================================================================
Received Import Request.
  Time since last request: 3026.866909 seconds.
  path: Assets/Characters/Characters lvl1/boy3forunity.fbx
  artifactKey: Guid(8ac56d06ac92aca48882ed2a8fc2a38d) Importer(2089858483,192608db42251d675da83286b1cce702)
Start importing Assets/Characters/Characters lvl1/boy3forunity.fbx using Guid(8ac56d06ac92aca48882ed2a8fc2a38d) Importer(2089858483,192608db42251d675da83286b1cce702) (ScriptedImporter) -> (artifact id: '5e94ea7f49e447df77d09b25dbd6aea7') in 0.0812331 seconds
Number of updated asset objects reloaded before import = 0Number of asset objects unloaded after import = 212

========================================================================
Received Import Request.
  Time since last request: 0.000031 seconds.
  path: Assets/Characters/Characters lvl1/boy4.fbx
  artifactKey: Guid(48c7b697d4dd66345af783123046a524) Importer(2089858483,192608db42251d675da83286b1cce702)
Start importing Assets/Characters/Characters lvl1/boy4.fbx using Guid(48c7b697d4dd66345af783123046a524) Importer(2089858483,192608db42251d675da83286b1cce702) (ScriptedImporter) -> (artifact id: 'b4c6be90c0730d98de36c3a8be34bdce') in 0.0649461 seconds
Number of updated asset objects reloaded before import = 0Number of asset objects unloaded after import = 93

========================================================================
Received Import Request.
  Time since last request: 0.000031 seconds.
  path: Assets/Characters/Characters lvl1/boy5forUnity.fbx
  artifactKey: Guid(b213b29d53a8278478004e6fc9ba9dfc) Importer(2089858483,192608db42251d675da83286b1cce702)
Start importing Assets/Characters/Characters lvl1/boy5forUnity.fbx using Guid(b213b29d53a8278478004e6fc9ba9dfc) Importer(2089858483,192608db42251d675da83286b1cce702) (ScriptedImporter) -> (artifact id: 'ffffa443ab337017396af4a184428d8b') in 0.0748558 seconds
Number of updated asset objects reloaded before import = 0Number of asset objects unloaded after import = 214

========================================================================
Received Import Request.
  Time since last request: 0.000024 seconds.
  path: Assets/Characters/Characters lvl1/saleemForUnity.fbx
  artifactKey: Guid(7957a1e57385e7b468af377d761b0ce9) Importer(2089858483,192608db42251d675da83286b1cce702)
Start importing Assets/Characters/Characters lvl1/saleemForUnity.fbx using Guid(7957a1e57385e7b468af377d761b0ce9) Importer(2089858483,192608db42251d675da83286b1cce702) (ScriptedImporter) -> (artifact id: '6c9d65d11837f9655945334277afefce') in 0.0660152 seconds
Number of updated asset objects reloaded before import = 0Number of asset objects unloaded after import = 214

========================================================================
Received Import Request.
  Time since last request: 0.000031 seconds.
  path: Assets/Characters/Characters lvl1/boy9.fbx
  artifactKey: Guid(f229ed7bf7df86e4c8136fb990cde556) Importer(2089858483,192608db42251d675da83286b1cce702)
Start importing Assets/Characters/Characters lvl1/boy9.fbx using Guid(f229ed7bf7df86e4c8136fb990cde556) Importer(2089858483,192608db42251d675da83286b1cce702) (ScriptedImporter) -> (artifact id: '79fc0898a11f461b98523a843c0b4944') in 0.0829078 seconds
Number of updated asset objects reloaded before import = 0Number of asset objects unloaded after import = 141

========================================================================
Received Import Request.
  Time since last request: 0.000079 seconds.
  path: Assets/Characters/Characters lvl1/boy8.fbx
  artifactKey: Guid(c28a6d79e2659a84291e950855b6e96f) Importer(2089858483,192608db42251d675da83286b1cce702)
Start importing Assets/Characters/Characters lvl1/boy8.fbx using Guid(c28a6d79e2659a84291e950855b6e96f) Importer(2089858483,192608db42251d675da83286b1cce702) (ScriptedImporter) -> (artifact id: '7ca956213b5ea7f3ae970293791bc212') in 0.06339 seconds
Number of updated asset objects reloaded before import = 0Number of asset objects unloaded after import = 93

========================================================================
Received Import Request.
  Time since last request: 106.507209 seconds.
  path: Assets/Prefabs/Prefab lvl1/trophies.prefab
  artifactKey: Guid(9829d5c802294ce41a4a3d150c57894a) Importer(2089858483,192608db42251d675da83286b1cce702)
Start importing Assets/Prefabs/Prefab lvl1/trophies.prefab using Guid(9829d5c802294ce41a4a3d150c57894a) Importer(2089858483,192608db42251d675da83286b1cce702) (ScriptedImporter) -> (artifact id: '15ba30b972790f9242009bb88861efe5') in 0.1463996 seconds
Number of updated asset objects reloaded before import = 0Number of asset objects unloaded after import = 152

========================================================================
Received Import Request.
  Time since last request: 127.498477 seconds.
  path: Assets/Class Room Assets lvl2/PlayGround Assets lvl1/low-poly-kids-playground/textures
  artifactKey: Guid(86cb71774fdd776459185b36b101f3ec) Importer(2089858483,192608db42251d675da83286b1cce702)
Start importing Assets/Class Room Assets lvl2/PlayGround Assets lvl1/low-poly-kids-playground/textures using Guid(86cb71774fdd776459185b36b101f3ec) Importer(2089858483,192608db42251d675da83286b1cce702) (ScriptedImporter) -> (artifact id: '0924a72d2b6b8abdf1018e70aa6f0c92') in 0.0212848 seconds
Number of updated asset objects reloaded before import = 0Number of asset objects unloaded after import = 1

========================================================================
Received Import Request.
  Time since last request: 0.000025 seconds.
  path: Assets/Class Room Assets lvl2/PlayGround Assets lvl1/tilable-floor-2-low-poly/source
  artifactKey: Guid(551b4d622a150ea41b221c6c39100c33) Importer(2089858483,192608db42251d675da83286b1cce702)
Start importing Assets/Class Room Assets lvl2/PlayGround Assets lvl1/tilable-floor-2-low-poly/source using Guid(551b4d622a150ea41b221c6c39100c33) Importer(2089858483,192608db42251d675da83286b1cce702) (ScriptedImporter) -> (artifact id: '00117f53432f90c36d0601fa6be60822') in 0.0208709 seconds
Number of updated asset objects reloaded before import = 0Number of asset objects unloaded after import = 1

========================================================================
Received Import Request.
  Time since last request: 0.000035 seconds.
  path: Assets/Class Room Assets lvl2/PlayGround Assets lvl1/metal-fence-sidewalk-road-colonnade-set/textures/Pavement_Rec_1_Normal.png
  artifactKey: Guid(a3a2f9248b6a5214dbe7b026baeef624) Importer(2089858483,192608db42251d675da83286b1cce702)
Start importing Assets/Class Room Assets lvl2/PlayGround Assets lvl1/metal-fence-sidewalk-road-colonnade-set/textures/Pavement_Rec_1_Normal.png using Guid(a3a2f9248b6a5214dbe7b026baeef624) Importer(2089858483,192608db42251d675da83286b1cce702) (ScriptedImporter) -> (artifact id: 'd88b693227b24da8858ba7c83ddf4816') in 0.0948549 seconds
Number of updated asset objects reloaded before import = 0Number of asset objects unloaded after import = 1

========================================================================
Received Import Request.
  Time since last request: 0.000031 seconds.
  path: Assets/Class Room Assets lvl2/PlayGround Assets lvl1/tilable-floor-2-low-poly/textures/Floor_DIFFUSE_1.jpeg
  artifactKey: Guid(fcb953e0dc08a994ab65a9f76ffdba87) Importer(2089858483,192608db42251d675da83286b1cce702)
Start importing Assets/Class Room Assets lvl2/PlayGround Assets lvl1/tilable-floor-2-low-poly/textures/Floor_DIFFUSE_1.jpeg using Guid(fcb953e0dc08a994ab65a9f76ffdba87) Importer(2089858483,192608db42251d675da83286b1cce702) (ScriptedImporter) -> (artifact id: '5ee6bf4669f5009740d2edc07b356ad5') in 0.092859 seconds
Number of updated asset objects reloaded before import = 0Number of asset objects unloaded after import = 1

========================================================================
Received Import Request.
  Time since last request: 0.000031 seconds.
  path: Assets/Class Room Assets lvl2/PlayGround Assets lvl1/low-poly-kids-playground/textures/TRANSPARENT_DIFFUSE.png
  artifactKey: Guid(842069038ff2d3b49aa7c2bb4899946b) Importer(2089858483,192608db42251d675da83286b1cce702)
Start importing Assets/Class Room Assets lvl2/PlayGround Assets lvl1/low-poly-kids-playground/textures/TRANSPARENT_DIFFUSE.png using Guid(842069038ff2d3b49aa7c2bb4899946b) Importer(2089858483,192608db42251d675da83286b1cce702) (ScriptedImporter) -> (artifact id: 'b27bdcc78554726b99f001bc4cddfaaa') in 0.0635135 seconds
Number of updated asset objects reloaded before import = 0Number of asset objects unloaded after import = 1

========================================================================
Received Import Request.
  Time since last request: 0.000039 seconds.
  path: Assets/Class Room Assets lvl2/PlayGround Assets lvl1/low-poly-kids-playground/source/KIDS_PLAYGROUND/KIDS_PLAYGROUND/SOURCE/KIDS_PLAYGROUND.mtl
  artifactKey: Guid(c7528d47647e8674bbf83fd0593d5735) Importer(2089858483,192608db42251d675da83286b1cce702)
Start importing Assets/Class Room Assets lvl2/PlayGround Assets lvl1/low-poly-kids-playground/source/KIDS_PLAYGROUND/KIDS_PLAYGROUND/SOURCE/KIDS_PLAYGROUND.mtl using Guid(c7528d47647e8674bbf83fd0593d5735) Importer(2089858483,192608db42251d675da83286b1cce702) (ScriptedImporter) -> (artifact id: '8936e464ebf7a53f9ceffb58487f4f04') in 0.0282591 seconds
Number of updated asset objects reloaded before import = 0Number of asset objects unloaded after import = 1

========================================================================
Received Import Request.
  Time since last request: 0.000026 seconds.
  path: Assets/Class Room Assets lvl2/PlayGround Assets lvl1/low-poly-kids-playground/textures/TRANSPARENT_NORMAL.png
  artifactKey: Guid(cea2fca5bba7b2546b8d692c347bec45) Importer(2089858483,192608db42251d675da83286b1cce702)
Start importing Assets/Class Room Assets lvl2/PlayGround Assets lvl1/low-poly-kids-playground/textures/TRANSPARENT_NORMAL.png using Guid(cea2fca5bba7b2546b8d692c347bec45) Importer(2089858483,192608db42251d675da83286b1cce702) (ScriptedImporter) -> (artifact id: 'fd6f41c9548328bf9fe1d77b5b219027') in 0.041381 seconds
Number of updated asset objects reloaded before import = 0Number of asset objects unloaded after import = 1

========================================================================
Received Import Request.
  Time since last request: 0.000048 seconds.
  path: Assets/Class Room Assets lvl2/PlayGround Assets lvl1/modular-stone-paving-slab-free-variety-pack-2/textures/Slab_13_u1_v1_normal.png
  artifactKey: Guid(682c4775e55068940943045609d26eb5) Importer(2089858483,192608db42251d675da83286b1cce702)
Start importing Assets/Class Room Assets lvl2/PlayGround Assets lvl1/modular-stone-paving-slab-free-variety-pack-2/textures/Slab_13_u1_v1_normal.png using Guid(682c4775e55068940943045609d26eb5) Importer(2089858483,192608db42251d675da83286b1cce702) (ScriptedImporter) -> (artifact id: 'ffe9baef513cd85da507fc9051d76610') in 0.1492341 seconds
Number of updated asset objects reloaded before import = 0Number of asset objects unloaded after import = 1

========================================================================
Received Import Request.
  Time since last request: 0.000052 seconds.
  path: Assets/Class Room Assets lvl2/PlayGround Assets lvl1/modular-stone-paving-slab-free-variety-pack-2/textures/Slab_8_u1_v1_normal.png
  artifactKey: Guid(f04055286b526624baa28801ef2a3243) Importer(2089858483,192608db42251d675da83286b1cce702)
Start importing Assets/Class Room Assets lvl2/PlayGround Assets lvl1/modular-stone-paving-slab-free-variety-pack-2/textures/Slab_8_u1_v1_normal.png using Guid(f04055286b526624baa28801ef2a3243) Importer(2089858483,192608db42251d675da83286b1cce702) (ScriptedImporter) -> (artifact id: '87d89c1eced052005005e86fac9d523b') in 0.0994874 seconds
Number of updated asset objects reloaded before import = 0Number of asset objects unloaded after import = 1

========================================================================
Received Import Request.
  Time since last request: 0.000030 seconds.
  path: Assets/Class Room Assets lvl2/PlayGround Assets lvl1/modular-stone-paving-slab-free-variety-pack-2/source/Slabs_Group_2/Slab_10_u1_v1_diffuse.png
  artifactKey: Guid(450f226c7ea050e47b36910be746ac44) Importer(2089858483,192608db42251d675da83286b1cce702)
Start importing Assets/Class Room Assets lvl2/PlayGround Assets lvl1/modular-stone-paving-slab-free-variety-pack-2/source/Slabs_Group_2/Slab_10_u1_v1_diffuse.png using Guid(450f226c7ea050e47b36910be746ac44) Importer(2089858483,192608db42251d675da83286b1cce702) (ScriptedImporter) -> (artifact id: '68886c51746fb67b5476e9c83ded5a38') in 0.0774546 seconds
Number of updated asset objects reloaded before import = 0Number of asset objects unloaded after import = 1

========================================================================
Received Import Request.
  Time since last request: 0.000041 seconds.
  path: Assets/Class Room Assets lvl2/PlayGround Assets lvl1/low-poly-kids-playground/source/KIDS_PLAYGROUND/KIDS_PLAYGROUND/TEXTURES/TRANSPARENT/TRANSPARENT_DIFFUSE.png
  artifactKey: Guid(4b585eeeceaee1643887434760eb15cb) Importer(2089858483,192608db42251d675da83286b1cce702)
Start importing Assets/Class Room Assets lvl2/PlayGround Assets lvl1/low-poly-kids-playground/source/KIDS_PLAYGROUND/KIDS_PLAYGROUND/TEXTURES/TRANSPARENT/TRANSPARENT_DIFFUSE.png using Guid(4b585eeeceaee1643887434760eb15cb) Importer(2089858483,192608db42251d675da83286b1cce702) (ScriptedImporter) -> (artifact id: '736c8ebaab17d7e83b24b85c18653987') in 0.0360241 seconds
Number of updated asset objects reloaded before import = 0Number of asset objects unloaded after import = 1

========================================================================
Received Import Request.
  Time since last request: 0.000031 seconds.
  path: Assets/Class Room Assets lvl2/PlayGround Assets lvl1/ussr-swings/source/SwingsBaked
  artifactKey: Guid(d7fad11bc009f0247aa382bed2b87b70) Importer(2089858483,192608db42251d675da83286b1cce702)
Start importing Assets/Class Room Assets lvl2/PlayGround Assets lvl1/ussr-swings/source/SwingsBaked using Guid(d7fad11bc009f0247aa382bed2b87b70) Importer(2089858483,192608db42251d675da83286b1cce702) (ScriptedImporter) -> (artifact id: 'c35e24528498c9684ef9ac97ca8c59b2') in 0.0219399 seconds
Number of updated asset objects reloaded before import = 0Number of asset objects unloaded after import = 1

========================================================================
Received Import Request.
  Time since last request: 0.000017 seconds.
  path: Assets/Class Room Assets lvl2/PlayGround Assets lvl1/modular-stone-paving-slab-free-variety-pack-2/textures/Slab_10_u1_v1_normal.png
  artifactKey: Guid(e2f2fd488ec2f4542bbeddede21e03c7) Importer(2089858483,192608db42251d675da83286b1cce702)
Start importing Assets/Class Room Assets lvl2/PlayGround Assets lvl1/modular-stone-paving-slab-free-variety-pack-2/textures/Slab_10_u1_v1_normal.png using Guid(e2f2fd488ec2f4542bbeddede21e03c7) Importer(2089858483,192608db42251d675da83286b1cce702) (ScriptedImporter) -> (artifact id: '8cd298714353bae546b5602755d89cae') in 0.0438185 seconds
Number of updated asset objects reloaded before import = 0Number of asset objects unloaded after import = 1

========================================================================
Received Import Request.
  Time since last request: 0.000018 seconds.
  path: Assets/Class Room Assets lvl2/PlayGround Assets lvl1/metal-fence-sidewalk-road-colonnade-set/textures/Curb_Floor_Albedo.jpg
  artifactKey: Guid(282f521e618de774cb43033dbadbb3ba) Importer(2089858483,192608db42251d675da83286b1cce702)
Start importing Assets/Class Room Assets lvl2/PlayGround Assets lvl1/metal-fence-sidewalk-road-colonnade-set/textures/Curb_Floor_Albedo.jpg using Guid(282f521e618de774cb43033dbadbb3ba) Importer(2089858483,192608db42251d675da83286b1cce702) (ScriptedImporter) -> (artifact id: '991a2dfaa7297e63e11e4a9b99ec7525') in 0.0519968 seconds
Number of updated asset objects reloaded before import = 0Number of asset objects unloaded after import = 1

========================================================================
Received Import Request.
  Time since last request: 0.000022 seconds.
  path: Assets/Class Room Assets lvl2/PlayGround Assets lvl1/ussr-swings/source/SwingsBaked/SwingsBaked
  artifactKey: Guid(691a4622e79c35a4aa7367c6592d3c0a) Importer(2089858483,192608db42251d675da83286b1cce702)
Start importing Assets/Class Room Assets lvl2/PlayGround Assets lvl1/ussr-swings/source/SwingsBaked/SwingsBaked using Guid(691a4622e79c35a4aa7367c6592d3c0a) Importer(2089858483,192608db42251d675da83286b1cce702) (ScriptedImporter) -> (artifact id: 'c08e915675dab0ebe0844dae4feacc0a') in 0.0168336 seconds
Number of updated asset objects reloaded before import = 0Number of asset objects unloaded after import = 1

========================================================================
Received Import Request.
  Time since last request: 0.000037 seconds.
  path: Assets/Class Room Assets lvl2/PlayGround Assets lvl1/uploads_files_2675737_Saha/Source/Saha.mtl
  artifactKey: Guid(b67d0a2f767acef409bdd743ad83a297) Importer(2089858483,192608db42251d675da83286b1cce702)
Start importing Assets/Class Room Assets lvl2/PlayGround Assets lvl1/uploads_files_2675737_Saha/Source/Saha.mtl using Guid(b67d0a2f767acef409bdd743ad83a297) Importer(2089858483,192608db42251d675da83286b1cce702) (ScriptedImporter) -> (artifact id: '1fdaabf893946f8d41150f0f56bf729c') in 0.0155956 seconds
Number of updated asset objects reloaded before import = 0Number of asset objects unloaded after import = 1

========================================================================
Received Import Request.
  Time since last request: 0.000017 seconds.
  path: Assets/Class Room Assets lvl2/PlayGround Assets lvl1/metal-fence-sidewalk-road-colonnade-set/textures/Avocado_leaf_Opacity.jpg
  artifactKey: Guid(598207db698b0434e83d02c4e64ac91c) Importer(2089858483,192608db42251d675da83286b1cce702)
Start importing Assets/Class Room Assets lvl2/PlayGround Assets lvl1/metal-fence-sidewalk-road-colonnade-set/textures/Avocado_leaf_Opacity.jpg using Guid(598207db698b0434e83d02c4e64ac91c) Importer(2089858483,192608db42251d675da83286b1cce702) (ScriptedImporter) -> (artifact id: '62dc48a8976739429100de9009ee6d0f') in 0.0280471 seconds
Number of updated asset objects reloaded before import = 0Number of asset objects unloaded after import = 1

========================================================================
Received Import Request.
  Time since last request: 0.000019 seconds.
  path: Assets/Class Room Assets lvl2/PlayGround Assets lvl1/school.fbx
  artifactKey: Guid(8d7eea70631e61f45823bec700d9b86f) Importer(2089858483,192608db42251d675da83286b1cce702)
Start importing Assets/Class Room Assets lvl2/PlayGround Assets lvl1/school.fbx using Guid(8d7eea70631e61f45823bec700d9b86f) Importer(2089858483,192608db42251d675da83286b1cce702) (ScriptedImporter) -> (artifact id: 'abaa2fc84868b483b5d0427bf5e72ca2') in 1.4121238 seconds
Number of updated asset objects reloaded before import = 0Number of asset objects unloaded after import = 703

========================================================================
Received Import Request.
  Time since last request: 0.000050 seconds.
  path: Assets/Class Room Assets lvl2/PlayGround Assets lvl1/uploads_files_2675737_Saha/Source/Saha.obj
  artifactKey: Guid(7435211405331444c8ad8cff0ea5064c) Importer(2089858483,192608db42251d675da83286b1cce702)
Start importing Assets/Class Room Assets lvl2/PlayGround Assets lvl1/uploads_files_2675737_Saha/Source/Saha.obj using Guid(7435211405331444c8ad8cff0ea5064c) Importer(2089858483,192608db42251d675da83286b1cce702) (ScriptedImporter) -> (artifact id: 'cab609ea216f12dfe21401fdc93a12aa') in 0.1297706 seconds
Number of updated asset objects reloaded before import = 0Number of asset objects unloaded after import = 20

========================================================================
Received Import Request.
  Time since last request: 0.000033 seconds.
  path: Assets/Class Room Assets lvl2/PlayGround Assets lvl1/low-poly-kids-playground/source/KIDS_PLAYGROUND/KIDS_PLAYGROUND/SOURCE/KIDS_PLAYGROUND.obj
  artifactKey: Guid(eda0ae05bc47f894095e5bbf545e2bc0) Importer(2089858483,192608db42251d675da83286b1cce702)
Start importing Assets/Class Room Assets lvl2/PlayGround Assets lvl1/low-poly-kids-playground/source/KIDS_PLAYGROUND/KIDS_PLAYGROUND/SOURCE/KIDS_PLAYGROUND.obj using Guid(eda0ae05bc47f894095e5bbf545e2bc0) Importer(2089858483,192608db42251d675da83286b1cce702) (ScriptedImporter) -> (artifact id: '01786e9df73fc2a9f05ae856d0b3646e') in 0.0565621 seconds
Number of updated asset objects reloaded before import = 0Number of asset objects unloaded after import = 13

========================================================================
Received Import Request.
  Time since last request: 0.000020 seconds.
  path: Assets/Class Room Assets lvl2/PlayGround Assets lvl1/modular-stone-paving-slab-free-variety-pack-2/textures/Slab_11_u1_v1_diffuse.png
  artifactKey: Guid(92fb816f0104ede4ea7caa81d04776a5) Importer(2089858483,192608db42251d675da83286b1cce702)
Start importing Assets/Class Room Assets lvl2/PlayGround Assets lvl1/modular-stone-paving-slab-free-variety-pack-2/textures/Slab_11_u1_v1_diffuse.png using Guid(92fb816f0104ede4ea7caa81d04776a5) Importer(2089858483,192608db42251d675da83286b1cce702) (ScriptedImporter) -> (artifact id: 'b57a322b63fcc28f0fbbc56cd0e896f2') in 0.0831233 seconds
Number of updated asset objects reloaded before import = 0Number of asset objects unloaded after import = 1

========================================================================
Received Import Request.
  Time since last request: 0.000035 seconds.
  path: Assets/Class Room Assets lvl2/PlayGround Assets lvl1/modular-stone-paving-slab-free-variety-pack-2/textures/Slab_13_u1_v1_diffuse.png
  artifactKey: Guid(cc91c12dbcc4a064a8fe7829004bcf5d) Importer(2089858483,192608db42251d675da83286b1cce702)
Start importing Assets/Class Room Assets lvl2/PlayGround Assets lvl1/modular-stone-paving-slab-free-variety-pack-2/textures/Slab_13_u1_v1_diffuse.png using Guid(cc91c12dbcc4a064a8fe7829004bcf5d) Importer(2089858483,192608db42251d675da83286b1cce702) (ScriptedImporter) -> (artifact id: 'ac071ddc5b9ea19a6af5038e7e4bc1ba') in 0.0585413 seconds
Number of updated asset objects reloaded before import = 0Number of asset objects unloaded after import = 1

========================================================================
Received Import Request.
  Time since last request: 0.000039 seconds.
  path: Assets/Class Room Assets lvl2/PlayGround Assets lvl1/modular-stone-paving-slab-free-variety-pack-2/textures/Slab_14_u1_v1_normal.png
  artifactKey: Guid(f1c7957774976284b8c2048e34ac6dac) Importer(2089858483,192608db42251d675da83286b1cce702)
Start importing Assets/Class Room Assets lvl2/PlayGround Assets lvl1/modular-stone-paving-slab-free-variety-pack-2/textures/Slab_14_u1_v1_normal.png using Guid(f1c7957774976284b8c2048e34ac6dac) Importer(2089858483,192608db42251d675da83286b1cce702) (ScriptedImporter) -> (artifact id: '8a14fa653dbeac020ce9a54a78d32269') in 0.0588305 seconds
Number of updated asset objects reloaded before import = 0Number of asset objects unloaded after import = 1

========================================================================
Received Import Request.
  Time since last request: 0.000019 seconds.
  path: Assets/Class Room Assets lvl2/PlayGround Assets lvl1/low-poly-kids-playground/source/KIDS_PLAYGROUND/KIDS_PLAYGROUND/TEXTURES/TRANSPARENT
  artifactKey: Guid(0383f140489cda840937903fb71a1b3c) Importer(2089858483,192608db42251d675da83286b1cce702)
Start importing Assets/Class Room Assets lvl2/PlayGround Assets lvl1/low-poly-kids-playground/source/KIDS_PLAYGROUND/KIDS_PLAYGROUND/TEXTURES/TRANSPARENT using Guid(0383f140489cda840937903fb71a1b3c) Importer(2089858483,192608db42251d675da83286b1cce702) (ScriptedImporter) -> (artifact id: 'e378138e736e7b0d5086d294bb7a3930') in 0.0353807 seconds
Number of updated asset objects reloaded before import = 0Number of asset objects unloaded after import = 1

========================================================================
Received Import Request.
  Time since last request: 0.000026 seconds.
  path: Assets/Class Room Assets lvl2/PlayGround Assets lvl1/Football_CutsceneTimeline.playable
  artifactKey: Guid(ce420fbe3f0ec4f4aad87259d548c745) Importer(2089858483,192608db42251d675da83286b1cce702)
Start importing Assets/Class Room Assets lvl2/PlayGround Assets lvl1/Football_CutsceneTimeline.playable using Guid(ce420fbe3f0ec4f4aad87259d548c745) Importer(2089858483,192608db42251d675da83286b1cce702) (ScriptedImporter) -> (artifact id: '4ae97d44d59ec0b7d425e746184c49dc') in 0.0434999 seconds
Number of updated asset objects reloaded before import = 0Number of asset objects unloaded after import = 1

========================================================================
Received Import Request.
  Time since last request: 0.000023 seconds.
  path: Assets/Class Room Assets lvl2/PlayGround Assets lvl1/modular-stone-paving-slab-free-variety-pack-2/textures/Slab_11_u1_v1_normal.png
  artifactKey: Guid(4e86de8f9e63fd149be50507273a5b29) Importer(2089858483,192608db42251d675da83286b1cce702)
Start importing Assets/Class Room Assets lvl2/PlayGround Assets lvl1/modular-stone-paving-slab-free-variety-pack-2/textures/Slab_11_u1_v1_normal.png using Guid(4e86de8f9e63fd149be50507273a5b29) Importer(2089858483,192608db42251d675da83286b1cce702) (ScriptedImporter) -> (artifact id: 'da25c18787205b7968ee5ea6dbafc316') in 0.0658864 seconds
Number of updated asset objects reloaded before import = 0Number of asset objects unloaded after import = 1

========================================================================
Received Import Request.
  Time since last request: 0.000030 seconds.
  path: Assets/Class Room Assets lvl2/PlayGround Assets lvl1/metal-fence-sidewalk-road-colonnade-set/textures/Pavement_Brick_1_Normal.png
  artifactKey: Guid(873bebc94adeb6a469c4865d97f488b1) Importer(2089858483,192608db42251d675da83286b1cce702)
Start importing Assets/Class Room Assets lvl2/PlayGround Assets lvl1/metal-fence-sidewalk-road-colonnade-set/textures/Pavement_Brick_1_Normal.png using Guid(873bebc94adeb6a469c4865d97f488b1) Importer(2089858483,192608db42251d675da83286b1cce702) (ScriptedImporter) -> (artifact id: '626f6952a027c197213ef9d439e9da97') in 0.0380163 seconds
Number of updated asset objects reloaded before import = 0Number of asset objects unloaded after import = 1

========================================================================
Received Import Request.
  Time since last request: 0.000018 seconds.
  path: Assets/Class Room Assets lvl2/PlayGround Assets lvl1/ussr-swings/source
  artifactKey: Guid(006a0aa03791b8b428277e16a4bd8ac8) Importer(2089858483,192608db42251d675da83286b1cce702)
Start importing Assets/Class Room Assets lvl2/PlayGround Assets lvl1/ussr-swings/source using Guid(006a0aa03791b8b428277e16a4bd8ac8) Importer(2089858483,192608db42251d675da83286b1cce702) (ScriptedImporter) -> (artifact id: '3ecd68db8c64fc1bc5d1f7ab2a6e2716') in 0.0183779 seconds
Number of updated asset objects reloaded before import = 0Number of asset objects unloaded after import = 1

========================================================================
Received Import Request.
  Time since last request: 0.000029 seconds.
  path: Assets/Class Room Assets lvl2/PlayGround Assets lvl1/ussr-swings/source/SwingsBaked/SwingsBaked/textures/MergedBake_Bake1_PBR_Metalness.png
  artifactKey: Guid(70aeeb314b28acf4ebf7570ae3588ced) Importer(2089858483,192608db42251d675da83286b1cce702)
Start importing Assets/Class Room Assets lvl2/PlayGround Assets lvl1/ussr-swings/source/SwingsBaked/SwingsBaked/textures/MergedBake_Bake1_PBR_Metalness.png using Guid(70aeeb314b28acf4ebf7570ae3588ced) Importer(2089858483,192608db42251d675da83286b1cce702) (ScriptedImporter) -> (artifact id: 'ed972fd2deb679e93fb9b3e50b4a0d35') in 0.0266473 seconds
Number of updated asset objects reloaded before import = 0Number of asset objects unloaded after import = 1

========================================================================
Received Import Request.
  Time since last request: 0.000023 seconds.
  path: Assets/Class Room Assets lvl2/PlayGround Assets lvl1/metal-fence-sidewalk-road-colonnade-set/textures/Bark_birch_albedo1.jpg
  artifactKey: Guid(374e067f81704f246909b708abd2f67c) Importer(2089858483,192608db42251d675da83286b1cce702)
Start importing Assets/Class Room Assets lvl2/PlayGround Assets lvl1/metal-fence-sidewalk-road-colonnade-set/textures/Bark_birch_albedo1.jpg using Guid(374e067f81704f246909b708abd2f67c) Importer(2089858483,192608db42251d675da83286b1cce702) (ScriptedImporter) -> (artifact id: '70b2db8f873f4993aa860f38cd98db2b') in 0.0294613 seconds
Number of updated asset objects reloaded before import = 0Number of asset objects unloaded after import = 1

========================================================================
Received Import Request.
  Time since last request: 0.000029 seconds.
  path: Assets/Class Room Assets lvl2/PlayGround Assets lvl1/ussr-swings/source/SwingsBaked/SwingsBaked/textures/MergedBake_Bake1_PBR_Glossiness.png
  artifactKey: Guid(d0d57e8274c356746b2949820e67bc97) Importer(2089858483,192608db42251d675da83286b1cce702)
Start importing Assets/Class Room Assets lvl2/PlayGround Assets lvl1/ussr-swings/source/SwingsBaked/SwingsBaked/textures/MergedBake_Bake1_PBR_Glossiness.png using Guid(d0d57e8274c356746b2949820e67bc97) Importer(2089858483,192608db42251d675da83286b1cce702) (ScriptedImporter) -> (artifact id: 'f58a53b580eb69e06071f3a043742e92') in 0.029518 seconds
Number of updated asset objects reloaded before import = 0Number of asset objects unloaded after import = 1

========================================================================
Received Import Request.
  Time since last request: 0.000018 seconds.
  path: Assets/Class Room Assets lvl2/PlayGround Assets lvl1/metal-fence-sidewalk-road-colonnade-set/textures/Fence_Metal_1_normal.png
  artifactKey: Guid(61aee3b8dba4f8e4d8ac98627c6c7956) Importer(2089858483,192608db42251d675da83286b1cce702)
Start importing Assets/Class Room Assets lvl2/PlayGround Assets lvl1/metal-fence-sidewalk-road-colonnade-set/textures/Fence_Metal_1_normal.png using Guid(61aee3b8dba4f8e4d8ac98627c6c7956) Importer(2089858483,192608db42251d675da83286b1cce702) (ScriptedImporter) -> (artifact id: '4c73a8f6ca16b93d61ff0be102485928') in 0.031039 seconds
Number of updated asset objects reloaded before import = 0Number of asset objects unloaded after import = 1

========================================================================
Received Import Request.
  Time since last request: 0.000025 seconds.
  path: Assets/Class Room Assets lvl2/PlayGround Assets lvl1/low-poly-kids-playground/source/KIDS_PLAYGROUND/KIDS_PLAYGROUND/SOURCE/KIDS_PLAYGROUND.blend1
  artifactKey: Guid(a039cc002bb70e64ab74c2acc02711e6) Importer(2089858483,192608db42251d675da83286b1cce702)
Start importing Assets/Class Room Assets lvl2/PlayGround Assets lvl1/low-poly-kids-playground/source/KIDS_PLAYGROUND/KIDS_PLAYGROUND/SOURCE/KIDS_PLAYGROUND.blend1 using Guid(a039cc002bb70e64ab74c2acc02711e6) Importer(2089858483,192608db42251d675da83286b1cce702) (ScriptedImporter) -> (artifact id: '804e2e8ca4bd0d689506ec1259dfe021') in 0.0155937 seconds
Number of updated asset objects reloaded before import = 0Number of asset objects unloaded after import = 1

========================================================================
Received Import Request.
  Time since last request: 0.000022 seconds.
  path: Assets/Class Room Assets lvl2/PlayGround Assets lvl1/tilable-floor-2-low-poly/textures
  artifactKey: Guid(2316355d30c601f4dbb83fe78b1a75ec) Importer(2089858483,192608db42251d675da83286b1cce702)
Start importing Assets/Class Room Assets lvl2/PlayGround Assets lvl1/tilable-floor-2-low-poly/textures using Guid(2316355d30c601f4dbb83fe78b1a75ec) Importer(2089858483,192608db42251d675da83286b1cce702) (ScriptedImporter) -> (artifact id: 'd8e4650ea3a051f50c8188582c7edc6b') in 0.0154317 seconds
Number of updated asset objects reloaded before import = 0Number of asset objects unloaded after import = 1

========================================================================
Received Import Request.
  Time since last request: 0.000032 seconds.
  path: Assets/Class Room Assets lvl2/PlayGround Assets lvl1/tilable-floor-2-low-poly
  artifactKey: Guid(54c4914873a5b1249a960b5cce721fe4) Importer(2089858483,192608db42251d675da83286b1cce702)
Start importing Assets/Class Room Assets lvl2/PlayGround Assets lvl1/tilable-floor-2-low-poly using Guid(54c4914873a5b1249a960b5cce721fe4) Importer(2089858483,192608db42251d675da83286b1cce702) (ScriptedImporter) -> (artifact id: '4c14e4ff635fd5207ee1122e93a27c80') in 0.014986 seconds
Number of updated asset objects reloaded before import = 0Number of asset objects unloaded after import = 1

========================================================================
Received Import Request.
  Time since last request: 0.000020 seconds.
  path: Assets/Class Room Assets lvl2/PlayGround Assets lvl1/ussr-swings/source/SwingsBaked/SwingsBaked/source/Swings.fbx
  artifactKey: Guid(57bacad60770ea648b9e2e190ef5d19b) Importer(2089858483,192608db42251d675da83286b1cce702)
Start importing Assets/Class Room Assets lvl2/PlayGround Assets lvl1/ussr-swings/source/SwingsBaked/SwingsBaked/source/Swings.fbx using Guid(57bacad60770ea648b9e2e190ef5d19b) Importer(2089858483,192608db42251d675da83286b1cce702) (ScriptedImporter) -> (artifact id: '9ecb23f4ae14411b94fdeddb54797695') in 0.0613649 seconds
Number of updated asset objects reloaded before import = 0Number of asset objects unloaded after import = 67

========================================================================
Received Import Request.
  Time since last request: 0.000019 seconds.
  path: Assets/Class Room Assets lvl2/PlayGround Assets lvl1/ussr-swings/source/SwingsBaked/SwingsBaked/source
  artifactKey: Guid(3fd9ff7f14419b84db42be436fe3007f) Importer(2089858483,192608db42251d675da83286b1cce702)
Start importing Assets/Class Room Assets lvl2/PlayGround Assets lvl1/ussr-swings/source/SwingsBaked/SwingsBaked/source using Guid(3fd9ff7f14419b84db42be436fe3007f) Importer(2089858483,192608db42251d675da83286b1cce702) (ScriptedImporter) -> (artifact id: 'bd17b6dee134509ead23bc92ef5816b0') in 0.0163134 seconds
Number of updated asset objects reloaded before import = 0Number of asset objects unloaded after import = 1

========================================================================
Received Import Request.
  Time since last request: 0.000021 seconds.
  path: Assets/Class Room Assets lvl2/PlayGround Assets lvl1/low-poly-kids-playground/source/KIDS_PLAYGROUND/KIDS_PLAYGROUND/TEXTURES/OPAQUE/Opaque_Normal.png
  artifactKey: Guid(d10315ca1ac6d5e459bf955fd21df6d3) Importer(2089858483,192608db42251d675da83286b1cce702)
Start importing Assets/Class Room Assets lvl2/PlayGround Assets lvl1/low-poly-kids-playground/source/KIDS_PLAYGROUND/KIDS_PLAYGROUND/TEXTURES/OPAQUE/Opaque_Normal.png using Guid(d10315ca1ac6d5e459bf955fd21df6d3) Importer(2089858483,192608db42251d675da83286b1cce702) (ScriptedImporter) -> (artifact id: '29aa10da82142acfa1b76e1c6083a1cb') in 0.0568827 seconds
Number of updated asset objects reloaded before import = 0Number of asset objects unloaded after import = 1

========================================================================
Received Import Request.
  Time since last request: 0.000029 seconds.
  path: Assets/Class Room Assets lvl2/PlayGround Assets lvl1/modular-stone-paving-slab-free-variety-pack-2/textures/Slab_10_u1_v1_diffuse.png
  artifactKey: Guid(53d2a0bf4a6e92743a289bc2dc7befb6) Importer(2089858483,192608db42251d675da83286b1cce702)
Start importing Assets/Class Room Assets lvl2/PlayGround Assets lvl1/modular-stone-paving-slab-free-variety-pack-2/textures/Slab_10_u1_v1_diffuse.png using Guid(53d2a0bf4a6e92743a289bc2dc7befb6) Importer(2089858483,192608db42251d675da83286b1cce702) (ScriptedImporter) -> (artifact id: 'b9773ae6dfd24d877c3748689d0600be') in 0.0592224 seconds
Number of updated asset objects reloaded before import = 0Number of asset objects unloaded after import = 1

========================================================================
Received Import Request.
  Time since last request: 0.000020 seconds.
  path: Assets/Class Room Assets lvl2/PlayGround Assets lvl1/metal-fence-sidewalk-road-colonnade-set/textures/Pavement_Rec_2_Albedo.png
  artifactKey: Guid(446ca6e9dc66a874fb1581e604d37d3a) Importer(2089858483,192608db42251d675da83286b1cce702)
Start importing Assets/Class Room Assets lvl2/PlayGround Assets lvl1/metal-fence-sidewalk-road-colonnade-set/textures/Pavement_Rec_2_Albedo.png using Guid(446ca6e9dc66a874fb1581e604d37d3a) Importer(2089858483,192608db42251d675da83286b1cce702) (ScriptedImporter) -> (artifact id: '21c86228f392cd56cde216e5c4e7aa68') in 0.0592841 seconds
Number of updated asset objects reloaded before import = 0Number of asset objects unloaded after import = 1

========================================================================
Received Import Request.
  Time since last request: 0.000022 seconds.
  path: Assets/Class Room Assets lvl2/PlayGround Assets lvl1/ussr-swings/source/SwingsBaked/SwingsBaked/textures/MergedBake_Bake1_PBR_Diffuse.png
  artifactKey: Guid(a7ac235e9487fc1458847efd1601220c) Importer(2089858483,192608db42251d675da83286b1cce702)
Start importing Assets/Class Room Assets lvl2/PlayGround Assets lvl1/ussr-swings/source/SwingsBaked/SwingsBaked/textures/MergedBake_Bake1_PBR_Diffuse.png using Guid(a7ac235e9487fc1458847efd1601220c) Importer(2089858483,192608db42251d675da83286b1cce702) (ScriptedImporter) -> (artifact id: '6f876f0f854e474f594d017e9be091d9') in 0.0248927 seconds
Number of updated asset objects reloaded before import = 0Number of asset objects unloaded after import = 1

========================================================================
Received Import Request.
  Time since last request: 0.000039 seconds.
  path: Assets/Class Room Assets lvl2/PlayGround Assets lvl1/modular-stone-paving-slab-free-variety-pack-2/source/Slabs_Group_2/Slab_11_u1_v1_normal.png
  artifactKey: Guid(e552b27ea24ee1346a608e2f657356a4) Importer(2089858483,192608db42251d675da83286b1cce702)
Start importing Assets/Class Room Assets lvl2/PlayGround Assets lvl1/modular-stone-paving-slab-free-variety-pack-2/source/Slabs_Group_2/Slab_11_u1_v1_normal.png using Guid(e552b27ea24ee1346a608e2f657356a4) Importer(2089858483,192608db42251d675da83286b1cce702) (ScriptedImporter) -> (artifact id: '3a0899bb9a1c335c5800b16a13edc442') in 0.0317306 seconds
Number of updated asset objects reloaded before import = 0Number of asset objects unloaded after import = 1

========================================================================
Received Import Request.
  Time since last request: 0.000017 seconds.
  path: Assets/Class Room Assets lvl2/PlayGround Assets lvl1/low-poly-kids-playground/source/KIDS_PLAYGROUND/KIDS_PLAYGROUND
  artifactKey: Guid(9361d6893d38e524eb2ae47d4e6db4e8) Importer(2089858483,192608db42251d675da83286b1cce702)
Start importing Assets/Class Room Assets lvl2/PlayGround Assets lvl1/low-poly-kids-playground/source/KIDS_PLAYGROUND/KIDS_PLAYGROUND using Guid(9361d6893d38e524eb2ae47d4e6db4e8) Importer(2089858483,192608db42251d675da83286b1cce702) (ScriptedImporter) -> (artifact id: '6ea950b32137bf5708018b536ea9e4b5') in 0.0172337 seconds
Number of updated asset objects reloaded before import = 0Number of asset objects unloaded after import = 1

========================================================================
Received Import Request.
  Time since last request: 0.000024 seconds.
  path: Assets/Class Room Assets lvl2/PlayGround Assets lvl1/low-poly-kids-playground/source/KIDS_PLAYGROUND/KIDS_PLAYGROUND/TEXTURES/TRANSPARENT/TRANSPARENT_NORMAL.png
  artifactKey: Guid(8a8c3ef6580852343af6be0755da310b) Importer(2089858483,192608db42251d675da83286b1cce702)
Start importing Assets/Class Room Assets lvl2/PlayGround Assets lvl1/low-poly-kids-playground/source/KIDS_PLAYGROUND/KIDS_PLAYGROUND/TEXTURES/TRANSPARENT/TRANSPARENT_NORMAL.png using Guid(8a8c3ef6580852343af6be0755da310b) Importer(2089858483,192608db42251d675da83286b1cce702) (ScriptedImporter) -> (artifact id: '5aca0752d7824c6e8d96513cc3e9accf') in 0.0479082 seconds
Number of updated asset objects reloaded before import = 0Number of asset objects unloaded after import = 1

========================================================================
Received Import Request.
  Time since last request: 0.000028 seconds.
  path: Assets/Class Room Assets lvl2/PlayGround Assets lvl1
  artifactKey: Guid(9358905e8a9b6e344a1e04138610edfa) Importer(2089858483,192608db42251d675da83286b1cce702)
Start importing Assets/Class Room Assets lvl2/PlayGround Assets lvl1 using Guid(9358905e8a9b6e344a1e04138610edfa) Importer(2089858483,192608db42251d675da83286b1cce702) (ScriptedImporter) -> (artifact id: 'd374326b6ea3a144b461936129fbd4f8') in 0.0154505 seconds
Number of updated asset objects reloaded before import = 0Number of asset objects unloaded after import = 1

========================================================================
Received Import Request.
  Time since last request: 0.000030 seconds.
  path: Assets/Class Room Assets lvl2/PlayGround Assets lvl1/modular-stone-paving-slab-free-variety-pack-2
  artifactKey: Guid(ba642d13817585c41b5f89130891addc) Importer(2089858483,192608db42251d675da83286b1cce702)
Start importing Assets/Class Room Assets lvl2/PlayGround Assets lvl1/modular-stone-paving-slab-free-variety-pack-2 using Guid(ba642d13817585c41b5f89130891addc) Importer(2089858483,192608db42251d675da83286b1cce702) (ScriptedImporter) -> (artifact id: 'e59c15d1e82dc6e993c56a56408b9802') in 0.0176809 seconds
Number of updated asset objects reloaded before import = 0Number of asset objects unloaded after import = 1

========================================================================
Received Import Request.
  Time since last request: 0.000019 seconds.
  path: Assets/Class Room Assets lvl2/PlayGround Assets lvl1/low-poly-kids-playground/source/KIDS_PLAYGROUND/KIDS_PLAYGROUND/TEXTURES/TRANSPARENT/TRANSPARENT_ROUGHNESS.png
  artifactKey: Guid(b955608d080b53044b1fab719c6548e2) Importer(2089858483,192608db42251d675da83286b1cce702)
Start importing Assets/Class Room Assets lvl2/PlayGround Assets lvl1/low-poly-kids-playground/source/KIDS_PLAYGROUND/KIDS_PLAYGROUND/TEXTURES/TRANSPARENT/TRANSPARENT_ROUGHNESS.png using Guid(b955608d080b53044b1fab719c6548e2) Importer(2089858483,192608db42251d675da83286b1cce702) (ScriptedImporter) -> (artifact id: '0bebfacb9307aa2eeb04fd19ada2bfd2') in 0.0338114 seconds
Number of updated asset objects reloaded before import = 0Number of asset objects unloaded after import = 1

========================================================================
Received Import Request.
  Time since last request: 0.000025 seconds.
  path: Assets/Class Room Assets lvl2/PlayGround Assets lvl1/ussr-swings
  artifactKey: Guid(1c8b6d2578fe4a24db405a4d2d27d795) Importer(2089858483,192608db42251d675da83286b1cce702)
Start importing Assets/Class Room Assets lvl2/PlayGround Assets lvl1/ussr-swings using Guid(1c8b6d2578fe4a24db405a4d2d27d795) Importer(2089858483,192608db42251d675da83286b1cce702) (ScriptedImporter) -> (artifact id: '0c7dbbf9a5086b22d6e6b8302f90e0f5') in 0.0837972 seconds
Number of updated asset objects reloaded before import = 0Number of asset objects unloaded after import = 1

========================================================================
Received Import Request.
  Time since last request: 0.000025 seconds.
  path: Assets/Class Room Assets lvl2/PlayGround Assets lvl1/modular-stone-paving-slab-free-variety-pack-2/source/Slabs_Group_2/Slab_9_u1_v1_diffuse.png
  artifactKey: Guid(b3f5f4c8b7fc13d409c521f32ff5230b) Importer(2089858483,192608db42251d675da83286b1cce702)
Start importing Assets/Class Room Assets lvl2/PlayGround Assets lvl1/modular-stone-paving-slab-free-variety-pack-2/source/Slabs_Group_2/Slab_9_u1_v1_diffuse.png using Guid(b3f5f4c8b7fc13d409c521f32ff5230b) Importer(2089858483,192608db42251d675da83286b1cce702) (ScriptedImporter) -> (artifact id: 'bdd0e94967619eb750d0d46be5399f3b') in 0.0282386 seconds
Number of updated asset objects reloaded before import = 0Number of asset objects unloaded after import = 1

========================================================================
Received Import Request.
  Time since last request: 0.000032 seconds.
  path: Assets/Class Room Assets lvl2/PlayGround Assets lvl1/modular-stone-paving-slab-free-variety-pack-2/source/Slabs_Group_2/Slab_11_u1_v1_diffuse.png
  artifactKey: Guid(65065d6cff015724491dba6d43866a03) Importer(2089858483,192608db42251d675da83286b1cce702)
Start importing Assets/Class Room Assets lvl2/PlayGround Assets lvl1/modular-stone-paving-slab-free-variety-pack-2/source/Slabs_Group_2/Slab_11_u1_v1_diffuse.png using Guid(65065d6cff015724491dba6d43866a03) Importer(2089858483,192608db42251d675da83286b1cce702) (ScriptedImporter) -> (artifact id: 'dbbc5657ce42114ab63d91434abf042c') in 0.0328017 seconds
Number of updated asset objects reloaded before import = 0Number of asset objects unloaded after import = 1

========================================================================
Received Import Request.
  Time since last request: 0.000019 seconds.
  path: Assets/Class Room Assets lvl2/PlayGround Assets lvl1/modular-stone-paving-slab-free-variety-pack-2/source/Slabs_Group_2
  artifactKey: Guid(ff1cfae6fb63bfd4e86c9224b4817f36) Importer(2089858483,192608db42251d675da83286b1cce702)
Start importing Assets/Class Room Assets lvl2/PlayGround Assets lvl1/modular-stone-paving-slab-free-variety-pack-2/source/Slabs_Group_2 using Guid(ff1cfae6fb63bfd4e86c9224b4817f36) Importer(2089858483,192608db42251d675da83286b1cce702) (ScriptedImporter) -> (artifact id: '0ab6167d5f9184a620f57913bb3ab097') in 0.0165913 seconds
Number of updated asset objects reloaded before import = 0Number of asset objects unloaded after import = 1

========================================================================
Received Import Request.
  Time since last request: 0.000040 seconds.
  path: Assets/Class Room Assets lvl2/PlayGround Assets lvl1/metal-fence-sidewalk-road-colonnade-set/textures/Avocado_leaf_Normal.jpg
  artifactKey: Guid(07df1a6b992fff341872a047d97ace54) Importer(2089858483,192608db42251d675da83286b1cce702)
Start importing Assets/Class Room Assets lvl2/PlayGround Assets lvl1/metal-fence-sidewalk-road-colonnade-set/textures/Avocado_leaf_Normal.jpg using Guid(07df1a6b992fff341872a047d97ace54) Importer(2089858483,192608db42251d675da83286b1cce702) (ScriptedImporter) -> (artifact id: 'd865834a14adff285eefbd47f083b868') in 0.0556062 seconds
Number of updated asset objects reloaded before import = 0Number of asset objects unloaded after import = 1

========================================================================
Received Import Request.
  Time since last request: 0.000042 seconds.
  path: Assets/Class Room Assets lvl2/PlayGround Assets lvl1/uploads_files_2675737_Saha/Textures/Saha.png
  artifactKey: Guid(6a95cdaea068d834082f5985af24a711) Importer(2089858483,192608db42251d675da83286b1cce702)
Start importing Assets/Class Room Assets lvl2/PlayGround Assets lvl1/uploads_files_2675737_Saha/Textures/Saha.png using Guid(6a95cdaea068d834082f5985af24a711) Importer(2089858483,192608db42251d675da83286b1cce702) (ScriptedImporter) -> (artifact id: 'c5ddcd2d7b7cb48cc5558c84ba29ff0b') in 0.0335543 seconds
Number of updated asset objects reloaded before import = 0Number of asset objects unloaded after import = 1

========================================================================
Received Import Request.
  Time since last request: 0.000030 seconds.
  path: Assets/Class Room Assets lvl2/PlayGround Assets lvl1/metal-fence-sidewalk-road-colonnade-set/textures/Avocado_leaf_Albedo.jpg
  artifactKey: Guid(0ae60f346abcea54d864eebcdf937253) Importer(2089858483,192608db42251d675da83286b1cce702)
Start importing Assets/Class Room Assets lvl2/PlayGround Assets lvl1/metal-fence-sidewalk-road-colonnade-set/textures/Avocado_leaf_Albedo.jpg using Guid(0ae60f346abcea54d864eebcdf937253) Importer(2089858483,192608db42251d675da83286b1cce702) (ScriptedImporter) -> (artifact id: '4e4cb174f02a65b25bea17d48d6811c3') in 0.0297342 seconds
Number of updated asset objects reloaded before import = 0Number of asset objects unloaded after import = 1

========================================================================
Received Import Request.
  Time since last request: 0.000027 seconds.
  path: Assets/Class Room Assets lvl2/PlayGround Assets lvl1/low-poly-kids-playground/textures/TRANSPARENT_ROUGHNESS.png
  artifactKey: Guid(99806282f24dbb34c9573303c7381ead) Importer(2089858483,192608db42251d675da83286b1cce702)
Start importing Assets/Class Room Assets lvl2/PlayGround Assets lvl1/low-poly-kids-playground/textures/TRANSPARENT_ROUGHNESS.png using Guid(99806282f24dbb34c9573303c7381ead) Importer(2089858483,192608db42251d675da83286b1cce702) (ScriptedImporter) -> (artifact id: 'fc815827c145c8b1489ecaf8bec64b3f') in 0.035737 seconds
Number of updated asset objects reloaded before import = 0Number of asset objects unloaded after import = 1

========================================================================
Received Import Request.
  Time since last request: 0.000026 seconds.
  path: Assets/Class Room Assets lvl2/PlayGround Assets lvl1/uploads_files_3835558_untitled.fbx
  artifactKey: Guid(13d4374fde523764cbd8b7e27b19015d) Importer(2089858483,192608db42251d675da83286b1cce702)
Start importing Assets/Class Room Assets lvl2/PlayGround Assets lvl1/uploads_files_3835558_untitled.fbx using Guid(13d4374fde523764cbd8b7e27b19015d) Importer(2089858483,192608db42251d675da83286b1cce702) (ScriptedImporter) -> (artifact id: '47fc6e17e352e4f2f8c97183aa75f70c') in 0.0718027 seconds
Number of updated asset objects reloaded before import = 0Number of asset objects unloaded after import = 8

========================================================================
Received Import Request.
  Time since last request: 0.000035 seconds.
  path: Assets/Class Room Assets lvl2/PlayGround Assets lvl1/modular-stone-paving-slab-free-variety-pack-2/textures/Slab_9_u1_v1_normal.png
  artifactKey: Guid(8b985b5911e22df4e989a4e9913f071f) Importer(2089858483,192608db42251d675da83286b1cce702)
Start importing Assets/Class Room Assets lvl2/PlayGround Assets lvl1/modular-stone-paving-slab-free-variety-pack-2/textures/Slab_9_u1_v1_normal.png using Guid(8b985b5911e22df4e989a4e9913f071f) Importer(2089858483,192608db42251d675da83286b1cce702) (ScriptedImporter) -> (artifact id: '44f1f1ac3974e12dcc87fa4a6b5d5ae8') in 0.0398888 seconds
Number of updated asset objects reloaded before import = 0Number of asset objects unloaded after import = 1

========================================================================
Received Import Request.
  Time since last request: 0.000028 seconds.
  path: Assets/Class Room Assets lvl2/PlayGround Assets lvl1/uploads_files_2675737_Saha/Textures/Logo.png
  artifactKey: Guid(6b0e2040f38dda34896a3444af87c086) Importer(2089858483,192608db42251d675da83286b1cce702)
Start importing Assets/Class Room Assets lvl2/PlayGround Assets lvl1/uploads_files_2675737_Saha/Textures/Logo.png using Guid(6b0e2040f38dda34896a3444af87c086) Importer(2089858483,192608db42251d675da83286b1cce702) (ScriptedImporter) -> (artifact id: 'd3cbf3e4bf9292dd32d6f1fddb4d09ad') in 0.0469623 seconds
Number of updated asset objects reloaded before import = 0Number of asset objects unloaded after import = 1

========================================================================
Received Import Request.
  Time since last request: 0.000026 seconds.
  path: Assets/Class Room Assets lvl2/PlayGround Assets lvl1/low-poly-kids-playground/source/KIDS_PLAYGROUND
  artifactKey: Guid(0eb0221684151ef4fb1218814d6a8b4d) Importer(2089858483,192608db42251d675da83286b1cce702)
Start importing Assets/Class Room Assets lvl2/PlayGround Assets lvl1/low-poly-kids-playground/source/KIDS_PLAYGROUND using Guid(0eb0221684151ef4fb1218814d6a8b4d) Importer(2089858483,192608db42251d675da83286b1cce702) (ScriptedImporter) -> (artifact id: '421dff66b41fa06ebf1359a5018ba63f') in 0.0232328 seconds
Number of updated asset objects reloaded before import = 0Number of asset objects unloaded after import = 1

========================================================================
Received Import Request.
  Time since last request: 0.000036 seconds.
  path: Assets/Class Room Assets lvl2/PlayGround Assets lvl1/low-poly-kids-playground/textures/TRANSPARENT_OPACITY.png
  artifactKey: Guid(249993e25386b304ab07edd0a7f013bc) Importer(2089858483,192608db42251d675da83286b1cce702)
Start importing Assets/Class Room Assets lvl2/PlayGround Assets lvl1/low-poly-kids-playground/textures/TRANSPARENT_OPACITY.png using Guid(249993e25386b304ab07edd0a7f013bc) Importer(2089858483,192608db42251d675da83286b1cce702) (ScriptedImporter) -> (artifact id: '372a45c97e25d781294b10b5d07f7023') in 0.0413757 seconds
Number of updated asset objects reloaded before import = 0Number of asset objects unloaded after import = 1

========================================================================
Received Import Request.
  Time since last request: 3.422421 seconds.
  path: Assets/PlayGround Assets lvl1/low-poly-kids-playground/textures
  artifactKey: Guid(86cb71774fdd776459185b36b101f3ec) Importer(2089858483,192608db42251d675da83286b1cce702)
Start importing Assets/PlayGround Assets lvl1/low-poly-kids-playground/textures using Guid(86cb71774fdd776459185b36b101f3ec) Importer(2089858483,192608db42251d675da83286b1cce702) (ScriptedImporter) -> (artifact id: '5285b9aa249bb9acc84f5b14c26eab46') in 0.0250523 seconds
Number of updated asset objects reloaded before import = 0Number of asset objects unloaded after import = 1

========================================================================
Received Import Request.
  Time since last request: 0.000021 seconds.
  path: Assets/PlayGround Assets lvl1/uploads_files_2675737_Saha/Textures
  artifactKey: Guid(48b7b9ca351c8614cb1391df886f7650) Importer(2089858483,192608db42251d675da83286b1cce702)
Start importing Assets/PlayGround Assets lvl1/uploads_files_2675737_Saha/Textures using Guid(48b7b9ca351c8614cb1391df886f7650) Importer(2089858483,192608db42251d675da83286b1cce702) (ScriptedImporter) -> (artifact id: '50f7bebd30cd270009e97dc6cab71f7b') in 0.019078 seconds
Number of updated asset objects reloaded before import = 0Number of asset objects unloaded after import = 1

========================================================================
Received Import Request.
  Time since last request: 0.000025 seconds.
  path: Assets/PlayGround Assets lvl1/low-poly-kids-playground/source
  artifactKey: Guid(1de0432732e089b48a24c7dacf04754f) Importer(2089858483,192608db42251d675da83286b1cce702)
Start importing Assets/PlayGround Assets lvl1/low-poly-kids-playground/source using Guid(1de0432732e089b48a24c7dacf04754f) Importer(2089858483,192608db42251d675da83286b1cce702) (ScriptedImporter) -> (artifact id: '0bc3d222425e22a8b55c6e4af02b1e64') in 0.0201274 seconds
Number of updated asset objects reloaded before import = 0Number of asset objects unloaded after import = 1

========================================================================
Received Import Request.
  Time since last request: 0.000029 seconds.
  path: Assets/PlayGround Assets lvl1/ussr-swings/source/SwingsBaked/SwingsBaked
  artifactKey: Guid(691a4622e79c35a4aa7367c6592d3c0a) Importer(2089858483,192608db42251d675da83286b1cce702)
Start importing Assets/PlayGround Assets lvl1/ussr-swings/source/SwingsBaked/SwingsBaked using Guid(691a4622e79c35a4aa7367c6592d3c0a) Importer(2089858483,192608db42251d675da83286b1cce702) (ScriptedImporter) -> (artifact id: 'dda00046333afd2f471d535403b3ca21') in 0.0172933 seconds
Number of updated asset objects reloaded before import = 0Number of asset objects unloaded after import = 1

========================================================================
Received Import Request.
  Time since last request: 0.000022 seconds.
  path: Assets/PlayGround Assets lvl1/metal-fence-sidewalk-road-colonnade-set
  artifactKey: Guid(e407ff7b68723524ab7b3bbf647f378b) Importer(2089858483,192608db42251d675da83286b1cce702)
Start importing Assets/PlayGround Assets lvl1/metal-fence-sidewalk-road-colonnade-set using Guid(e407ff7b68723524ab7b3bbf647f378b) Importer(2089858483,192608db42251d675da83286b1cce702) (ScriptedImporter) -> (artifact id: 'c2963003d70c41027933b1d820a8dd8f') in 0.0192316 seconds
Number of updated asset objects reloaded before import = 0Number of asset objects unloaded after import = 1

========================================================================
Received Import Request.
  Time since last request: 0.000023 seconds.
  path: Assets/PlayGround Assets lvl1/modular-stone-paving-slab-free-variety-pack-2/textures
  artifactKey: Guid(8cabfbe97ada97a42bb4c747e8880d5e) Importer(2089858483,192608db42251d675da83286b1cce702)
Start importing Assets/PlayGround Assets lvl1/modular-stone-paving-slab-free-variety-pack-2/textures using Guid(8cabfbe97ada97a42bb4c747e8880d5e) Importer(2089858483,192608db42251d675da83286b1cce702) (ScriptedImporter) -> (artifact id: '34868b32c277ba75239ecd16dfb2352c') in 0.0195151 seconds
Number of updated asset objects reloaded before import = 0Number of asset objects unloaded after import = 1

========================================================================
Received Import Request.
  Time since last request: 0.000027 seconds.
  path: Assets/PlayGround Assets lvl1/metal-fence-sidewalk-road-colonnade-set/textures
  artifactKey: Guid(342358ceb6ca72044b56645d47e0a2b6) Importer(2089858483,192608db42251d675da83286b1cce702)
Start importing Assets/PlayGround Assets lvl1/metal-fence-sidewalk-road-colonnade-set/textures using Guid(342358ceb6ca72044b56645d47e0a2b6) Importer(2089858483,192608db42251d675da83286b1cce702) (ScriptedImporter) -> (artifact id: '43be9f972881389898c8b447b6d70ed2') in 0.0196407 seconds
Number of updated asset objects reloaded before import = 0Number of asset objects unloaded after import = 1

========================================================================
Received Import Request.
  Time since last request: 0.000033 seconds.
  path: Assets/PlayGround Assets lvl1/low-poly-kids-playground/source/KIDS_PLAYGROUND/KIDS_PLAYGROUND/TEXTURES/TRANSPARENT
  artifactKey: Guid(0383f140489cda840937903fb71a1b3c) Importer(2089858483,192608db42251d675da83286b1cce702)
Start importing Assets/PlayGround Assets lvl1/low-poly-kids-playground/source/KIDS_PLAYGROUND/KIDS_PLAYGROUND/TEXTURES/TRANSPARENT using Guid(0383f140489cda840937903fb71a1b3c) Importer(2089858483,192608db42251d675da83286b1cce702) (ScriptedImporter) -> (artifact id: 'ffd5fd1824c3c28810e41ff1dc1b8c1e') in 0.0189191 seconds
Number of updated asset objects reloaded before import = 0Number of asset objects unloaded after import = 1

========================================================================
Received Import Request.
  Time since last request: 0.000022 seconds.
  path: Assets/PlayGround Assets lvl1/uploads_files_2675737_Saha/Source
  artifactKey: Guid(31dd2f9f9f235534e9710143b1460921) Importer(2089858483,192608db42251d675da83286b1cce702)
Start importing Assets/PlayGround Assets lvl1/uploads_files_2675737_Saha/Source using Guid(31dd2f9f9f235534e9710143b1460921) Importer(2089858483,192608db42251d675da83286b1cce702) (ScriptedImporter) -> (artifact id: '7c187e7099ffbb5916f05131082f5994') in 0.0227163 seconds
Number of updated asset objects reloaded before import = 0Number of asset objects unloaded after import = 1

========================================================================
Received Import Request.
  Time since last request: 0.000024 seconds.
  path: Assets/PlayGround Assets lvl1/tilable-floor-2-low-poly
  artifactKey: Guid(54c4914873a5b1249a960b5cce721fe4) Importer(2089858483,192608db42251d675da83286b1cce702)
Start importing Assets/PlayGround Assets lvl1/tilable-floor-2-low-poly using Guid(54c4914873a5b1249a960b5cce721fe4) Importer(2089858483,192608db42251d675da83286b1cce702) (ScriptedImporter) -> (artifact id: 'b664f0109afb98212dac07e7bd3c951f') in 0.0204038 seconds
Number of updated asset objects reloaded before import = 0Number of asset objects unloaded after import = 1

========================================================================
Received Import Request.
  Time since last request: 0.000027 seconds.
  path: Assets/PlayGround Assets lvl1/low-poly-kids-playground/source/KIDS_PLAYGROUND/KIDS_PLAYGROUND/SOURCE
  artifactKey: Guid(a3a54c80ac6fb364087b9647ed2bf114) Importer(2089858483,192608db42251d675da83286b1cce702)
Start importing Assets/PlayGround Assets lvl1/low-poly-kids-playground/source/KIDS_PLAYGROUND/KIDS_PLAYGROUND/SOURCE using Guid(a3a54c80ac6fb364087b9647ed2bf114) Importer(2089858483,192608db42251d675da83286b1cce702) (ScriptedImporter) -> (artifact id: 'e8b88cd4f292d462f6c676e0b81bddf7') in 0.0523123 seconds
Number of updated asset objects reloaded before import = 0Number of asset objects unloaded after import = 1

========================================================================
Received Import Request.
  Time since last request: 0.000029 seconds.
  path: Assets/PlayGround Assets lvl1/modular-stone-paving-slab-free-variety-pack-2
  artifactKey: Guid(ba642d13817585c41b5f89130891addc) Importer(2089858483,192608db42251d675da83286b1cce702)
Start importing Assets/PlayGround Assets lvl1/modular-stone-paving-slab-free-variety-pack-2 using Guid(ba642d13817585c41b5f89130891addc) Importer(2089858483,192608db42251d675da83286b1cce702) (ScriptedImporter) -> (artifact id: '5326bf6b89a3a8ea3381a1078a115d5a') in 0.0231434 seconds
Number of updated asset objects reloaded before import = 0Number of asset objects unloaded after import = 1

========================================================================
Received Import Request.
  Time since last request: 0.000022 seconds.
  path: Assets/PlayGround Assets lvl1/low-poly-kids-playground/source/KIDS_PLAYGROUND/KIDS_PLAYGROUND/TEXTURES/OPAQUE
  artifactKey: Guid(267b0b7df60398447b2378a7fcabf04a) Importer(2089858483,192608db42251d675da83286b1cce702)
Start importing Assets/PlayGround Assets lvl1/low-poly-kids-playground/source/KIDS_PLAYGROUND/KIDS_PLAYGROUND/TEXTURES/OPAQUE using Guid(267b0b7df60398447b2378a7fcabf04a) Importer(2089858483,192608db42251d675da83286b1cce702) (ScriptedImporter) -> (artifact id: 'c9d477a316ef680c952edb694353790c') in 0.0214264 seconds
Number of updated asset objects reloaded before import = 0Number of asset objects unloaded after import = 1

========================================================================
Received Import Request.
  Time since last request: 0.000030 seconds.
  path: Assets/PlayGround Assets lvl1/modular-stone-paving-slab-free-variety-pack-2/source/Slabs_Group_2
  artifactKey: Guid(ff1cfae6fb63bfd4e86c9224b4817f36) Importer(2089858483,192608db42251d675da83286b1cce702)
Start importing Assets/PlayGround Assets lvl1/modular-stone-paving-slab-free-variety-pack-2/source/Slabs_Group_2 using Guid(ff1cfae6fb63bfd4e86c9224b4817f36) Importer(2089858483,192608db42251d675da83286b1cce702) (ScriptedImporter) -> (artifact id: '1bcb5cf06170736d4e59ce5a97b11e2b') in 0.0185335 seconds
Number of updated asset objects reloaded before import = 0Number of asset objects unloaded after import = 1

========================================================================
Received Import Request.
  Time since last request: 0.000032 seconds.
  path: Assets/PlayGround Assets lvl1/low-poly-kids-playground
  artifactKey: Guid(4b2b6c530dcec5e458320da67cbb2a93) Importer(2089858483,192608db42251d675da83286b1cce702)
Start importing Assets/PlayGround Assets lvl1/low-poly-kids-playground using Guid(4b2b6c530dcec5e458320da67cbb2a93) Importer(2089858483,192608db42251d675da83286b1cce702) (ScriptedImporter) -> (artifact id: '772abd07317d2ff3cfc010366a5fbc01') in 0.0178981 seconds
Number of updated asset objects reloaded before import = 0Number of asset objects unloaded after import = 1

========================================================================
Received Prepare
Begin MonoManager ReloadAssembly
[Licensing::Client] Successfully resolved entitlement details
- Loaded All Assemblies, in  5.147 seconds
Refreshing native plugins compatible for Editor in 1.39 ms, found 3 plugins.
Native extension for Android target not found
Native extension for WindowsStandalone target not found
[Package Manager] Failed to launch server process. Reason: Unity was launched with the -noUpm command-line argument
[Package Manager] Unable to send message (not connected to server process).
[Package Manager] Cannot connect to Unity Package Manager local server
Mono: successfully reloaded assembly
- Finished resetting the current domain, in  1.832 seconds
Domain Reload Profiling: 6975ms
	BeginReloadAssembly (781ms)
		ExecutionOrderSort (0ms)
		DisableScriptedObjects (18ms)
		BackupInstance (0ms)
		ReleaseScriptingObjects (0ms)
		CreateAndSetChildDomain (123ms)
	RebuildCommonClasses (253ms)
	RebuildNativeTypeToScriptingClass (27ms)
	initialDomainReloadingComplete (63ms)
	LoadAllAssembliesAndSetupDomain (4019ms)
		LoadAssemblies (4119ms)
		RebuildTransferFunctionScriptingTraits (0ms)
		AnalyzeDomain (410ms)
			TypeCache.Refresh (14ms)
				TypeCache.ScanAssembly (0ms)
			BuildScriptInfoCaches (365ms)
			ResolveRequiredComponents (24ms)
	FinalizeReload (1832ms)
		ReleaseScriptCaches (0ms)
		RebuildScriptCaches (0ms)
		SetupLoadedEditorAssemblies (1472ms)
			LogAssemblyErrors (0ms)
			InitializePlatformSupportModulesInManaged (18ms)
			SetLoadedEditorAssemblies (9ms)
			BeforeProcessingInitializeOnLoad (317ms)
			ProcessInitializeOnLoadAttributes (1001ms)
			ProcessInitializeOnLoadMethodAttributes (113ms)
			AfterProcessingInitializeOnLoad (13ms)
			EditorAssembliesLoaded (0ms)
		ExecutionOrderSort2 (0ms)
		AwakeInstancesAfterBackupRestoration (29ms)
Shader Hidden/ProbeVolume/VoxelizeScene is not supported: GPU does not support conservative rasterization
Refreshing native plugins compatible for Editor in 1.94 ms, found 3 plugins.
Preloading 0 native plugins for Editor in 0.00 ms.
Unloading 14 Unused Serialized files (Serialized files now loaded: 0)
Unloading 6122 unused Assets / (4.1 MB). Loaded Objects now: 6840.
Memory consumption went from 134.1 MB to 130.1 MB.
Total: 17.879500 ms (FindLiveObjects: 1.318700 ms CreateObjectMapping: 1.138600 ms MarkObjects: 10.913900 ms  DeleteObjects: 4.506300 ms)

Prepare: number of updated asset objects reloaded= 0
========================================================================
Received Prepare
Begin MonoManager ReloadAssembly
- Loaded All Assemblies, in  1.461 seconds
Refreshing native plugins compatible for Editor in 2.17 ms, found 3 plugins.
Native extension for Android target not found
Native extension for WindowsStandalone target not found
[Package Manager] Failed to launch server process. Reason: Unity was launched with the -noUpm command-line argument
[Package Manager] Unable to send message (not connected to server process).
[Package Manager] Cannot connect to Unity Package Manager local server
Mono: successfully reloaded assembly
- Finished resetting the current domain, in  1.731 seconds
Domain Reload Profiling: 3189ms
	BeginReloadAssembly (374ms)
		ExecutionOrderSort (0ms)
		DisableScriptedObjects (12ms)
		BackupInstance (0ms)
		ReleaseScriptingObjects (0ms)
		CreateAndSetChildDomain (82ms)
	RebuildCommonClasses (73ms)
	RebuildNativeTypeToScriptingClass (25ms)
	initialDomainReloadingComplete (54ms)
	LoadAllAssembliesAndSetupDomain (933ms)
		LoadAssemblies (673ms)
		RebuildTransferFunctionScriptingTraits (0ms)
		AnalyzeDomain (440ms)
			TypeCache.Refresh (13ms)
				TypeCache.ScanAssembly (0ms)
			BuildScriptInfoCaches (402ms)
			ResolveRequiredComponents (18ms)
	FinalizeReload (1731ms)
		ReleaseScriptCaches (0ms)
		RebuildScriptCaches (0ms)
		SetupLoadedEditorAssemblies (1447ms)
			LogAssemblyErrors (0ms)
			InitializePlatformSupportModulesInManaged (17ms)
			SetLoadedEditorAssemblies (10ms)
			BeforeProcessingInitializeOnLoad (294ms)
			ProcessInitializeOnLoadAttributes (986ms)
			ProcessInitializeOnLoadMethodAttributes (127ms)
			AfterProcessingInitializeOnLoad (12ms)
			EditorAssembliesLoaded (0ms)
		ExecutionOrderSort2 (0ms)
		AwakeInstancesAfterBackupRestoration (30ms)
Shader Hidden/ProbeVolume/VoxelizeScene is not supported: GPU does not support conservative rasterization
Refreshing native plugins compatible for Editor in 2.11 ms, found 3 plugins.
Preloading 0 native plugins for Editor in 0.00 ms.
Unloading 14 Unused Serialized files (Serialized files now loaded: 0)
Unloading 6121 unused Assets / (4.4 MB). Loaded Objects now: 6843.
Memory consumption went from 134.1 MB to 129.8 MB.
Total: 16.763300 ms (FindLiveObjects: 1.406500 ms CreateObjectMapping: 1.519200 ms MarkObjects: 9.606200 ms  DeleteObjects: 4.229500 ms)

Prepare: number of updated asset objects reloaded= 0
